Watching for file changes with StatReloader
C:\Users\shiva\assignment\weather\weather\settings.py changed, reloading.
Watching for file changes with StatReloader
"GET / HTTP/1.1" 200 1322
"GET /api/ HTTP/1.1" 200 45
"GET /api/ HTTP/1.1" 200 45
C:\Users\shiva\assignment\weather\templates\index.html changed, reloading.
Watching for file changes with StatReloader
"GET / HTTP/1.1" 200 1322
"GET /api/ HTTP/1.1" 200 45
"GET /api/ HTTP/1.1" 200 45
C:\Users\shiva\assignment\weather\templates\index.html changed, reloading.
Watching for file changes with StatReloader
"GET /api/ HTTP/1.1" 200 45
C:\Users\shiva\assignment\weather\templates\index.html changed, reloading.
Watching for file changes with StatReloader
"GET / HTTP/1.1" 200 1322
"GET /api/ HTTP/1.1" 200 45
C:\Users\shiva\assignment\weather\weatherapp\serializers.py changed, reloading.
Watching for file changes with StatReloader
"GET / HTTP/1.1" 200 1322
"GET /api/ HTTP/1.1" 200 61
"GET /api/ HTTP/1.1" 200 61
C:\Users\shiva\assignment\weather\templates\index.html changed, reloading.
Watching for file changes with StatReloader
"GET /api/ HTTP/1.1" 200 61
C:\Users\shiva\assignment\weather\templates\index.html changed, reloading.
Watching for file changes with StatReloader
"GET / HTTP/1.1" 200 1322
"GET /api/ HTTP/1.1" 200 61
"GET /api/ HTTP/1.1" 200 61
C:\Users\shiva\assignment\weather\templates\index.html changed, reloading.
Watching for file changes with StatReloader
"GET / HTTP/1.1" 200 1322
- Broken pipe from ('127.0.0.1', 65416)

"GET /api/ HTTP/1.1" 200 30
"GET / HTTP/1.1" 200 1322
"GET /api/ HTTP/1.1" 200 30
C:\Users\shiva\assignment\weather\templates\index.html changed, reloading.
Watching for file changes with StatReloader
C:\Users\shiva\assignment\weather\templates\index.html changed, reloading.
Watching for file changes with StatReloader
"GET /api/ HTTP/1.1" 200 30
"GET /api/ HTTP/1.1" 200 30
"GET /api/ HTTP/1.1" 200 30
C:\Users\shiva\assignment\weather\templates\index.html changed, reloading.
Watching for file changes with StatReloader
C:\Users\shiva\assignment\weather\templates\index.html changed, reloading.
Watching for file changes with StatReloader
"GET /api/ HTTP/1.1" 200 30
"GET /api/ HTTP/1.1" 200 30
C:\Users\shiva\assignment\weather\templates\index.html changed, reloading.
Watching for file changes with StatReloader
"GET / HTTP/1.1" 200 1322
"GET /api/ HTTP/1.1" 200 30
"GET /api/ HTTP/1.1" 200 30
C:\Users\shiva\assignment\weather\templates\index.html changed, reloading.
Watching for file changes with StatReloader
"GET /api/ HTTP/1.1" 200 30
C:\Users\shiva\assignment\weather\templates\index.html changed, reloading.
Watching for file changes with StatReloader
"GET /api/ HTTP/1.1" 200 30
C:\Users\shiva\assignment\weather\templates\index.html changed, reloading.
Watching for file changes with StatReloader
Method Not Allowed (DELETE): /api/undefined/
Method Not Allowed: /api/undefined/
"DELETE /api/undefined/ HTTP/1.1" 405 0
"GET / HTTP/1.1" 200 1322
"GET /api/ HTTP/1.1" 200 30
Method Not Allowed (DELETE): /api/undefined/
Method Not Allowed: /api/undefined/
"DELETE /api/undefined/ HTTP/1.1" 405 0
"GET /api/ HTTP/1.1" 200 30
C:\Users\shiva\assignment\weather\templates\index.html changed, reloading.
Watching for file changes with StatReloader
Not Found: /api/0/
"DELETE /api/0/ HTTP/1.1" 404 23
"GET / HTTP/1.1" 200 1322
"GET /api/ HTTP/1.1" 200 30
Not Found: /api/0/
"DELETE /api/0/ HTTP/1.1" 404 23
"GET /api/ HTTP/1.1" 200 30
C:\Users\shiva\assignment\weather\templates\index.html changed, reloading.
Watching for file changes with StatReloader
"GET /api/ HTTP/1.1" 200 30
C:\Users\shiva\assignment\weather\templates\index.html changed, reloading.
Watching for file changes with StatReloader
"GET / HTTP/1.1" 200 1322
"GET /api/ HTTP/1.1" 200 30
"DELETE /api/55/ HTTP/1.1" 204 0
"GET / HTTP/1.1" 200 1322
"GET /api/ HTTP/1.1" 200 2
"POST /api/ HTTP/1.1" 201 30
"GET / HTTP/1.1" 200 1322
"GET /api/ HTTP/1.1" 200 32
"GET /api/ HTTP/1.1" 200 32
C:\Users\shiva\assignment\weather\templates\index.html changed, reloading.
Watching for file changes with StatReloader
"GET / HTTP/1.1" 200 1322
"GET /api/ HTTP/1.1" 200 32
"GET /api/ HTTP/1.1" 200 32
C:\Users\shiva\assignment\weather\templates\index.html changed, reloading.
Watching for file changes with StatReloader
"GET / HTTP/1.1" 200 1322
"GET /api/ HTTP/1.1" 200 32
"GET / HTTP/1.1" 200 1322
"GET /api/ HTTP/1.1" 200 32
"GET /api/ HTTP/1.1" 200 32
"GET / HTTP/1.1" 200 1322
C:\Users\shiva\assignment\weather\templates\index.html changed, reloading.
Watching for file changes with StatReloader
"GET / HTTP/1.1" 200 1322
- Broken pipe from ('127.0.0.1', 49450)

"GET /api/ HTTP/1.1" 200 32
"GET /api/ HTTP/1.1" 200 32
C:\Users\shiva\assignment\weather\templates\index.html changed, reloading.
Watching for file changes with StatReloader
"GET / HTTP/1.1" 200 1322
"GET /api/ HTTP/1.1" 200 32
"POST /api/ HTTP/1.1" 201 30
Bad Request: /api/
"POST /api/ HTTP/1.1" 400 44
"GET / HTTP/1.1" 200 1322
"GET /api/ HTTP/1.1" 200 63
"GET / HTTP/1.1" 200 1322
"GET /api/ HTTP/1.1" 200 63
"GET / HTTP/1.1" 200 1322
"GET /api/ HTTP/1.1" 200 63
"GET / HTTP/1.1" 200 1322
"GET /api/ HTTP/1.1" 200 63
Bad Request: /api/
"POST /api/ HTTP/1.1" 400 44
"GET /api/ HTTP/1.1" 200 63
C:\Users\shiva\assignment\weather\templates\index.html changed, reloading.
Watching for file changes with StatReloader
Bad Request: /api/
"POST /api/ HTTP/1.1" 400 44
Bad Request: /api/
"POST /api/ HTTP/1.1" 400 44
"POST /api/ HTTP/1.1" 201 30
"GET /api/ HTTP/1.1" 200 94
C:\Users\shiva\assignment\weather\templates\index.html changed, reloading.
Watching for file changes with StatReloader
"GET / HTTP/1.1" 200 1322
"GET /api/ HTTP/1.1" 200 94
"POST /api/ HTTP/1.1" 201 25
Bad Request: /api/
"POST /api/ HTTP/1.1" 400 44
"GET / HTTP/1.1" 200 1322
"GET /api/ HTTP/1.1" 200 120
Bad Request: /api/
"POST /api/ HTTP/1.1" 400 44
Bad Request: /api/
"POST /api/ HTTP/1.1" 400 44
"GET / HTTP/1.1" 200 1322
"GET /api/ HTTP/1.1" 200 120
C:\Users\shiva\assignment\weather\weatherapp\views.py changed, reloading.
Watching for file changes with StatReloader
C:\Users\shiva\assignment\weather\weatherapp\models.py changed, reloading.
Watching for file changes with StatReloader
C:\Users\shiva\assignment\weather\weatherapp\apps.py changed, reloading.
Watching for file changes with StatReloader
C:\Users\shiva\assignment\weather\weatherapp\__init__.py changed, reloading.
Watching for file changes with StatReloader
"GET /admin/ HTTP/1.1" 200 6427
"GET /static/admin/css/base.css HTTP/1.1" 304 0
"GET /static/admin/css/nav_sidebar.css HTTP/1.1" 304 0
"GET /static/admin/css/responsive.css HTTP/1.1" 304 0
"GET /static/admin/js/nav_sidebar.js HTTP/1.1" 304 0
"GET /static/admin/css/fonts.css HTTP/1.1" 304 0
"GET /static/admin/img/icon-addlink.svg HTTP/1.1" 304 0
"GET /static/admin/fonts/Roboto-Light-webfont.woff HTTP/1.1" 304 0
"GET /static/admin/fonts/Roboto-Bold-webfont.woff HTTP/1.1" 304 0
"GET /static/admin/fonts/Roboto-Regular-webfont.woff HTTP/1.1" 304 0
"GET /favicon.ico HTTP/1.1" 200 1322
"GET /admin/weatherapp/city/ HTTP/1.1" 200 6727
"GET /static/admin/css/changelists.css HTTP/1.1" 304 0
"GET /static/admin/js/vendor/jquery/jquery.js HTTP/1.1" 304 0
"GET /static/admin/js/jquery.init.js HTTP/1.1" 304 0
"GET /static/admin/js/core.js HTTP/1.1" 304 0
"GET /static/admin/js/admin/RelatedObjectLookups.js HTTP/1.1" 304 0
"GET /admin/jsi18n/ HTTP/1.1" 200 3195
"GET /static/admin/js/actions.js HTTP/1.1" 304 0
"GET /static/admin/js/urlify.js HTTP/1.1" 304 0
"GET /static/admin/js/prepopulate.js HTTP/1.1" 304 0
"GET /static/admin/js/vendor/xregexp/xregexp.js HTTP/1.1" 304 0
"GET /static/admin/img/tooltag-add.svg HTTP/1.1" 304 0
"GET /favicon.ico HTTP/1.1" 200 1322
"POST /admin/weatherapp/city/ HTTP/1.1" 200 5467
"GET /static/admin/js/cancel.js HTTP/1.1" 304 0
"GET /favicon.ico HTTP/1.1" 200 1322
"POST /admin/weatherapp/city/ HTTP/1.1" 302 0
"GET /admin/weatherapp/city/ HTTP/1.1" 200 5090
"GET /admin/jsi18n/ HTTP/1.1" 200 3195
"GET /static/admin/img/icon-yes.svg HTTP/1.1" 304 0
"GET /favicon.ico HTTP/1.1" 200 1322
"GET / HTTP/1.1" 200 1322
"GET /api/ HTTP/1.1" 200 2
"POST /api/ HTTP/1.1" 201 25
"GET /admin/weatherapp/city/ HTTP/1.1" 200 6096
"GET /admin/jsi18n/ HTTP/1.1" 200 3195
"GET /favicon.ico HTTP/1.1" 200 1322
"GET /admin/weatherapp/city/60/change/ HTTP/1.1" 200 6375
"GET /static/admin/css/forms.css HTTP/1.1" 304 0
"GET /static/admin/js/prepopulate_init.js HTTP/1.1" 304 0
"GET /admin/jsi18n/ HTTP/1.1" 200 3195
"GET /static/admin/css/widgets.css HTTP/1.1" 304 0
"GET /static/admin/js/change_form.js HTTP/1.1" 304 0
"GET /favicon.ico HTTP/1.1" 200 1322
"GET /api/ HTTP/1.1" 200 27
C:\Users\shiva\assignment\weather\templates\index.html changed, reloading.
Watching for file changes with StatReloader
"GET / HTTP/1.1" 200 1322
"GET /api/ HTTP/1.1" 200 27
"POST /api/ HTTP/1.1" 201 30
"GET /admin/weatherapp/city/ HTTP/1.1" 200 6307
"GET /admin/jsi18n/ HTTP/1.1" 200 3195
"GET /favicon.ico HTTP/1.1" 200 1322
"GET /api/ HTTP/1.1" 200 58
C:\Users\shiva\assignment\weather\templates\index.html changed, reloading.
Watching for file changes with StatReloader
"GET / HTTP/1.1" 200 1322
"GET /api/ HTTP/1.1" 200 58
"GET / HTTP/1.1" 200 1322
"GET /api/ HTTP/1.1" 200 58
"GET /admin/weatherapp/city/ HTTP/1.1" 200 6307
"GET /admin/jsi18n/ HTTP/1.1" 200 3195
"GET /favicon.ico HTTP/1.1" 200 1322
"GET /admin/weatherapp/city/ HTTP/1.1" 200 6307
"GET /admin/jsi18n/ HTTP/1.1" 200 3195
"GET /favicon.ico HTTP/1.1" 200 1322
"POST /admin/weatherapp/city/ HTTP/1.1" 200 5193
"GET /favicon.ico HTTP/1.1" 200 1322
"POST /admin/weatherapp/city/ HTTP/1.1" 302 0
"GET /admin/weatherapp/city/ HTTP/1.1" 200 5090
"GET /admin/jsi18n/ HTTP/1.1" 200 3195
"GET /favicon.ico HTTP/1.1" 200 1322
"GET / HTTP/1.1" 200 1322
"GET /api/ HTTP/1.1" 200 2
"POST /api/ HTTP/1.1" 201 30
"POST /api/ HTTP/1.1" 201 30
"GET /admin/weatherapp/city/ HTTP/1.1" 200 6312
"GET /admin/jsi18n/ HTTP/1.1" 200 3195
"GET /favicon.ico HTTP/1.1" 200 1322
"GET /api/ HTTP/1.1" 200 8553
"GET /static/rest_framework/css/bootstrap.min.css HTTP/1.1" 304 0
"GET /static/rest_framework/css/bootstrap-tweaks.css HTTP/1.1" 304 0
"GET /static/rest_framework/js/jquery-3.5.1.min.js HTTP/1.1" 304 0
"GET /static/rest_framework/css/default.css HTTP/1.1" 304 0
"GET /static/rest_framework/js/ajax-form.js HTTP/1.1" 304 0
"GET /static/rest_framework/js/csrf.js HTTP/1.1" 304 0
"GET /static/rest_framework/css/prettify.css HTTP/1.1" 304 0
"GET /static/rest_framework/js/bootstrap.min.js HTTP/1.1" 304 0
"GET /static/rest_framework/js/prettify-min.js HTTP/1.1" 304 0
"GET /static/rest_framework/js/default.js HTTP/1.1" 304 0
"GET /static/rest_framework/img/grid.png HTTP/1.1" 304 0
"GET /favicon.ico HTTP/1.1" 200 1322
C:\Users\shiva\assignment\weather\weatherapp\serializers.py changed, reloading.
Watching for file changes with StatReloader
"GET /api/ HTTP/1.1" 200 8916
"GET /favicon.ico HTTP/1.1" 200 1322
"GET /api/ HTTP/1.1" 200 8916
"GET /favicon.ico HTTP/1.1" 200 1322
"GET /api/mAnila/ HTTP/1.1" 200 1322
"GET /api/mAnila/ HTTP/1.1" 200 1322
"GET /api/mAnila/ HTTP/1.1" 200 1322
"GET /api/mAnila/ HTTP/1.1" 200 1322
"GET /api/ HTTP/1.1" 200 8916
"GET /favicon.ico HTTP/1.1" 200 1322
C:\Users\shiva\assignment\weather\weatherapp\urls.py changed, reloading.
Watching for file changes with StatReloader
"GET /api/ HTTP/1.1" 200 8916
"GET /favicon.ico HTTP/1.1" 200 1322
"GET /api/ HTTP/1.1" 200 8916
"GET /favicon.ico HTTP/1.1" 200 1322
"GET /api/ HTTP/1.1" 200 8916
"GET /favicon.ico HTTP/1.1" 200 1322
Not Found: /api/mAnila/
"GET /api/mAnila/ HTTP/1.1" 404 9963
"GET /favicon.ico HTTP/1.1" 200 1322
Not Found: /api/mAnila/
"GET /api/mAnila/ HTTP/1.1" 404 9963
"GET /favicon.ico HTTP/1.1" 200 1322
Not Found: /api/mAnila/
"GET /api/mAnila/ HTTP/1.1" 404 9963
"GET /favicon.ico HTTP/1.1" 200 1322
Not Found: /api/m/
"GET /api/m/ HTTP/1.1" 404 9918
"GET /favicon.ico HTTP/1.1" 200 1322
"GET /api/ HTTP/1.1" 200 8916
"GET /favicon.ico HTTP/1.1" 200 1322
Not Found: /api/mAnila/
"GET /api/mAnila/ HTTP/1.1" 404 9963
"GET /favicon.ico HTTP/1.1" 200 1322
C:\Users\shiva\assignment\weather\weatherapp\urls.py changed, reloading.
Watching for file changes with StatReloader
C:\Users\shiva\assignment\weather\weatherapp\serializers.py changed, reloading.
Watching for file changes with StatReloader
Not Found: /api/mAnila/
"GET /api/mAnila/ HTTP/1.1" 404 9959
"GET /favicon.ico HTTP/1.1" 200 1322
Not Found: /api/mAnila/
"GET /api/mAnila/ HTTP/1.1" 404 9959
"GET /favicon.ico HTTP/1.1" 200 1322
Not Found: /api/mAnila/
"GET /api/mAnila/ HTTP/1.1" 404 9959
"GET /favicon.ico HTTP/1.1" 200 1322
Not Found: /api/mAnila/
"GET /api/mAnila/ HTTP/1.1" 404 9959
"GET /favicon.ico HTTP/1.1" 200 1322
Not Found: /api/mAnila/
"GET /api/mAnila/ HTTP/1.1" 404 9959
"GET /favicon.ico HTTP/1.1" 200 1322
Not Found: /api/mAnila/
"GET /api/mAnila/ HTTP/1.1" 404 9959
"GET /favicon.ico HTTP/1.1" 200 1322
C:\Users\shiva\assignment\weather\weatherapp\serializers.py changed, reloading.
Watching for file changes with StatReloader
Not Found: /api/mAnila/
"GET /api/mAnila/ HTTP/1.1" 404 9959
"GET /favicon.ico HTTP/1.1" 200 1322
Not Found: /api/mAnila/
"GET /api/mAnila/ HTTP/1.1" 404 9959
"GET /favicon.ico HTTP/1.1" 200 1322
Bad Request: /api/
"POST /api/ HTTP/1.1" 400 36
"GET / HTTP/1.1" 200 1322
"GET /api/ HTTP/1.1" 200 79
Bad Request: /api/
"POST /api/ HTTP/1.1" 400 36
C:\Users\shiva\assignment\weather\weatherapp\serializers.py changed, reloading.
Watching for file changes with StatReloader
Bad Request: /api/
"POST /api/ HTTP/1.1" 400 36
C:\Users\shiva\assignment\weather\weatherapp\serializers.py changed, reloading.
Watching for file changes with StatReloader
"GET / HTTP/1.1" 200 1322
"GET /api/ HTTP/1.1" 200 79
Bad Request: /api/
"POST /api/ HTTP/1.1" 400 36
C:\Users\shiva\assignment\weather\weatherapp\serializers.py changed, reloading.
Watching for file changes with StatReloader
Bad Request: /api/
"POST /api/ HTTP/1.1" 400 36
"GET / HTTP/1.1" 200 1322
"GET /api/ HTTP/1.1" 200 79
Bad Request: /api/
"POST /api/ HTTP/1.1" 400 36
"GET /api/ HTTP/1.1" 200 79
C:\Users\shiva\assignment\weather\templates\index.html changed, reloading.
Watching for file changes with StatReloader
"GET / HTTP/1.1" 200 1322
"GET /api/ HTTP/1.1" 200 79
Bad Request: /api/
"POST /api/ HTTP/1.1" 400 36
C:\Users\shiva\assignment\weather\weatherapp\serializers.py changed, reloading.
Watching for file changes with StatReloader
"GET / HTTP/1.1" 200 1322
"GET /api/ HTTP/1.1" 200 79
Bad Request: /api/
"POST /api/ HTTP/1.1" 400 36
C:\Users\shiva\assignment\weather\weatherapp\serializers.py changed, reloading.
Watching for file changes with StatReloader
"GET / HTTP/1.1" 200 1322
"GET /api/ HTTP/1.1" 200 79
C:\Users\shiva\assignment\weather\weatherapp\serializers.py changed, reloading.
Watching for file changes with StatReloader
"POST /api/ HTTP/1.1" 201 36
"GET / HTTP/1.1" 200 1322
"GET /api/ HTTP/1.1" 200 116
"GET /admin/ HTTP/1.1" 200 6416
"GET /static/admin/css/dashboard.css HTTP/1.1" 304 0
"GET /static/admin/img/icon-changelink.svg HTTP/1.1" 304 0
"GET /static/admin/img/icon-deletelink.svg HTTP/1.1" 304 0
"GET /favicon.ico HTTP/1.1" 200 1322
"GET /api/davao/ HTTP/1.1" 200 9766
"GET /favicon.ico HTTP/1.1" 200 1322
Not Found: /api/davAo/
"GET /api/davAo/ HTTP/1.1" 404 9683
"GET /favicon.ico HTTP/1.1" 200 1322
Not Found: /api/Davao/
"GET /api/Davao/ HTTP/1.1" 404 9683
"GET /favicon.ico HTTP/1.1" 200 1322
"GET /api/davao/ HTTP/1.1" 200 9766
"GET /favicon.ico HTTP/1.1" 200 1322
"GET /api/ HTTP/1.1" 200 116
C:\Users\shiva\assignment\weather\templates\index.html changed, reloading.
Watching for file changes with StatReloader
C:\Users\shiva\assignment\weather\weather\settings.py changed, reloading.
Watching for file changes with StatReloader
C:\Users\shiva\assignment\weather\weather\settings.py changed, reloading.
Watching for file changes with StatReloader
"GET / HTTP/1.1" 200 1322
"GET /api/ HTTP/1.1" 200 116
"GET /admin/weatherapp/city/ HTTP/1.1" 200 6521
"GET /admin/jsi18n/ HTTP/1.1" 200 3195
"GET /favicon.ico HTTP/1.1" 200 1322
"POST /admin/weatherapp/city/ HTTP/1.1" 200 5334
"GET /favicon.ico HTTP/1.1" 200 1322
"POST /admin/weatherapp/city/ HTTP/1.1" 302 0
"GET /admin/weatherapp/city/ HTTP/1.1" 200 5090
"GET /admin/jsi18n/ HTTP/1.1" 200 3195
"GET /favicon.ico HTTP/1.1" 200 1322
"GET / HTTP/1.1" 200 1322
"GET /api/ HTTP/1.1" 200 2
C:\Users\shiva\assignment\weather\weatherapp\serializers.py changed, reloading.
Watching for file changes with StatReloader
C:\Users\shiva\assignment\weather\weatherapp\models.py changed, reloading.
Watching for file changes with StatReloader
"GET / HTTP/1.1" 200 1322
"GET /api/ HTTP/1.1" 200 2
"GET /api/ HTTP/1.1" 200 2
C:\Users\shiva\assignment\weather\templates\index.html changed, reloading.
Watching for file changes with StatReloader
"POST /api/ HTTP/1.1" 201 38
"POST /api/ HTTP/1.1" 201 36
"GET /api/ HTTP/1.1" 200 77
C:\Users\shiva\assignment\weather\templates\index.html changed, reloading.
Watching for file changes with StatReloader
"GET /api/ HTTP/1.1" 200 77
C:\Users\shiva\assignment\weather\templates\index.html changed, reloading.
Watching for file changes with StatReloader
"GET /api/ HTTP/1.1" 200 77
C:\Users\shiva\assignment\weather\templates\index.html changed, reloading.
Watching for file changes with StatReloader
"GET /api/ HTTP/1.1" 200 77
C:\Users\shiva\assignment\weather\templates\index.html changed, reloading.
Watching for file changes with StatReloader
"GET /api/ HTTP/1.1" 200 77
C:\Users\shiva\assignment\weather\templates\index.html changed, reloading.
Watching for file changes with StatReloader
"GET /api/ HTTP/1.1" 200 77
C:\Users\shiva\assignment\weather\templates\index.html changed, reloading.
Watching for file changes with StatReloader
"GET /api/ HTTP/1.1" 200 77
C:\Users\shiva\assignment\weather\templates\index.html changed, reloading.
Watching for file changes with StatReloader
"GET /api/ HTTP/1.1" 200 77
C:\Users\shiva\assignment\weather\templates\index.html changed, reloading.
Watching for file changes with StatReloader
"GET /api/ HTTP/1.1" 200 77
C:\Users\shiva\assignment\weather\templates\index.html changed, reloading.
Watching for file changes with StatReloader
"GET / HTTP/1.1" 200 1322
"GET /api/ HTTP/1.1" 200 77
"GET /api/ HTTP/1.1" 200 77
C:\Users\shiva\assignment\weather\templates\index.html changed, reloading.
Watching for file changes with StatReloader
"GET /api/ HTTP/1.1" 200 77
C:\Users\shiva\assignment\weather\templates\index.html changed, reloading.
Watching for file changes with StatReloader
"GET / HTTP/1.1" 200 1322
"GET /api/ HTTP/1.1" 200 77
"GET /api/davao/ HTTP/1.1" 200 9766
"GET /favicon.ico HTTP/1.1" 200 1322
"GET /api/ HTTP/1.1" 200 77
C:\Users\shiva\assignment\weather\templates\index.html changed, reloading.
Watching for file changes with StatReloader
"GET /api/ HTTP/1.1" 200 77
C:\Users\shiva\assignment\weather\templates\index.html changed, reloading.
Watching for file changes with StatReloader
"GET / HTTP/1.1" 200 1322
"GET /api/ HTTP/1.1" 200 77
Method Not Allowed (DELETE): /api/manila
Method Not Allowed: /api/manila
"DELETE /api/manila HTTP/1.1" 405 0
"GET /api/davao/ HTTP/1.1" 200 9766
"GET /favicon.ico HTTP/1.1" 200 1322
"GET /api/ HTTP/1.1" 200 77
C:\Users\shiva\assignment\weather\templates\index.html changed, reloading.
Watching for file changes with StatReloader
Method Not Allowed (DELETE): /api/manila
Method Not Allowed: /api/manila
"DELETE /api/manila HTTP/1.1" 405 0
"GET / HTTP/1.1" 200 1322
"GET /api/ HTTP/1.1" 200 77
Method Not Allowed (DELETE): /api/manila
Method Not Allowed: /api/manila
"DELETE /api/manila HTTP/1.1" 405 0
"GET /api/ HTTP/1.1" 200 77
C:\Users\shiva\assignment\weather\templates\index.html changed, reloading.
Watching for file changes with StatReloader
"GET / HTTP/1.1" 200 1322
- Broken pipe from ('127.0.0.1', 57869)

"GET /api/ HTTP/1.1" 200 38
"GET /api/ HTTP/1.1" 200 38
C:\Users\shiva\assignment\weather\templates\index.html changed, reloading.
Watching for file changes with StatReloader
"GET /api/ HTTP/1.1" 200 38
C:\Users\shiva\assignment\weather\templates\index.html changed, reloading.
Watching for file changes with StatReloader
"GET /api/ HTTP/1.1" 200 38
C:\Users\shiva\assignment\weather\templates\index.html changed, reloading.
Watching for file changes with StatReloader
"GET /api/ HTTP/1.1" 200 38
C:\Users\shiva\assignment\weather\templates\index.html changed, reloading.
Watching for file changes with StatReloader
"GET / HTTP/1.1" 200 1322
"GET /api/ HTTP/1.1" 200 38
"DELETE /api/davao/ HTTP/1.1" 204 0
Not Found: /api/davao/
"DELETE /api/davao/ HTTP/1.1" 404 23
"GET / HTTP/1.1" 200 1322
"GET /api/ HTTP/1.1" 200 2
"GET /api/ HTTP/1.1" 200 2
C:\Users\shiva\assignment\weather\templates\index.html changed, reloading.
Watching for file changes with StatReloader
"GET / HTTP/1.1" 200 1322
"GET /api/ HTTP/1.1" 200 2
"POST /api/ HTTP/1.1" 201 38
"DELETE /api/manila/ HTTP/1.1" 204 0
"GET /api/ HTTP/1.1" 200 2
"GET /api/ HTTP/1.1" 200 2
C:\Users\shiva\assignment\weather\templates\index.html changed, reloading.
Watching for file changes with StatReloader
"POST /api/ HTTP/1.1" 201 38
"DELETE /api/manila/ HTTP/1.1" 204 0
"GET /api/ HTTP/1.1" 200 2
"GET / HTTP/1.1" 200 1322
"GET /api/ HTTP/1.1" 200 2
"GET /api/ HTTP/1.1" 200 2
C:\Users\shiva\assignment\weather\templates\index.html changed, reloading.
Watching for file changes with StatReloader
"GET / HTTP/1.1" 200 1322
"GET /api/ HTTP/1.1" 200 2
"GET /api/ HTTP/1.1" 200 2
C:\Users\shiva\assignment\weather\templates\index.html changed, reloading.
Watching for file changes with StatReloader
"GET / HTTP/1.1" 200 1322
"GET /api/ HTTP/1.1" 200 2
"POST /api/ HTTP/1.1" 201 38
"GET /api/ HTTP/1.1" 200 40
"GET / HTTP/1.1" 200 1322
C:\Users\shiva\assignment\weather\templates\index.html changed, reloading.
Watching for file changes with StatReloader
"GET /api/ HTTP/1.1" 200 40
"GET /api/ HTTP/1.1" 200 40
C:\Users\shiva\assignment\weather\templates\index.html changed, reloading.
Watching for file changes with StatReloader
"GET / HTTP/1.1" 200 1322
"GET /api/ HTTP/1.1" 200 40
"DELETE /api/manila/ HTTP/1.1" 204 0
"GET / HTTP/1.1" 200 1322
"GET /api/ HTTP/1.1" 200 2
"POST /api/ HTTP/1.1" 201 38
"DELETE /api/manila/ HTTP/1.1" 204 0
"GET / HTTP/1.1" 200 1322
"GET /api/ HTTP/1.1" 200 2
"GET / HTTP/1.1" 200 1322
"GET /api/ HTTP/1.1" 200 2
"GET /api/ HTTP/1.1" 200 2
C:\Users\shiva\assignment\weather\templates\index.html changed, reloading.
Watching for file changes with StatReloader
"GET / HTTP/1.1" 200 1322
"GET /api/ HTTP/1.1" 200 2
"POST /api/ HTTP/1.1" 201 38
"POST /api/ HTTP/1.1" 201 38
"POST /api/ HTTP/1.1" 201 44
"POST /api/ HTTP/1.1" 201 36
"POST /api/ HTTP/1.1" 201 42
"GET /api/ HTTP/1.1" 200 204
C:\Users\shiva\assignment\weather\templates\index.html changed, reloading.
Watching for file changes with StatReloader
"GET /api/ HTTP/1.1" 200 204
C:\Users\shiva\assignment\weather\templates\index.html changed, reloading.
Watching for file changes with StatReloader
"GET / HTTP/1.1" 200 1322
"GET /api/ HTTP/1.1" 200 204
"GET /api/ HTTP/1.1" 200 204
C:\Users\shiva\assignment\weather\templates\index.html changed, reloading.
Watching for file changes with StatReloader
"GET / HTTP/1.1" 200 1322
"GET /api/ HTTP/1.1" 200 204
"GET /api/ HTTP/1.1" 200 204
C:\Users\shiva\assignment\weather\templates\index.html changed, reloading.
Watching for file changes with StatReloader
"GET /api/ HTTP/1.1" 200 204
"GET /api/ HTTP/1.1" 200 204
C:\Users\shiva\assignment\weather\templates\index.html changed, reloading.
Watching for file changes with StatReloader
"GET /api/ HTTP/1.1" 200 204
C:\Users\shiva\assignment\weather\templates\index.html changed, reloading.
Watching for file changes with StatReloader
"GET /api/ HTTP/1.1" 200 204
C:\Users\shiva\assignment\weather\templates\index.html changed, reloading.
Watching for file changes with StatReloader
"GET /api/ HTTP/1.1" 200 204
C:\Users\shiva\assignment\weather\templates\index.html changed, reloading.
Watching for file changes with StatReloader
C:\Users\shiva\assignment\weather\templates\index.html changed, reloading.
Watching for file changes with StatReloader
C:\Users\shiva\assignment\weather\templates\index.html changed, reloading.
Watching for file changes with StatReloader
"GET / HTTP/1.1" 200 1322
"GET /api/ HTTP/1.1" 200 204
"GET /api/ HTTP/1.1" 200 204
C:\Users\shiva\assignment\weather\templates\index.html changed, reloading.
Watching for file changes with StatReloader
"GET /api/ HTTP/1.1" 200 204
C:\Users\shiva\assignment\weather\templates\index.html changed, reloading.
Watching for file changes with StatReloader
"GET /api/ HTTP/1.1" 200 204
C:\Users\shiva\assignment\weather\templates\index.html changed, reloading.
Watching for file changes with StatReloader
"GET /api/ HTTP/1.1" 200 204
C:\Users\shiva\assignment\weather\templates\index.html changed, reloading.
Watching for file changes with StatReloader
"GET /api/ HTTP/1.1" 200 204
C:\Users\shiva\assignment\weather\templates\index.html changed, reloading.
Watching for file changes with StatReloader
"GET /api/ HTTP/1.1" 200 204
C:\Users\shiva\assignment\weather\templates\index.html changed, reloading.
Watching for file changes with StatReloader
"GET /api/ HTTP/1.1" 200 204
C:\Users\shiva\assignment\weather\templates\index.html changed, reloading.
Watching for file changes with StatReloader
"GET /api/ HTTP/1.1" 200 204
C:\Users\shiva\assignment\weather\templates\index.html changed, reloading.
Watching for file changes with StatReloader
"GET /api/ HTTP/1.1" 200 204
C:\Users\shiva\assignment\weather\templates\index.html changed, reloading.
Watching for file changes with StatReloader
"GET /api/ HTTP/1.1" 200 204
C:\Users\shiva\assignment\weather\templates\index.html changed, reloading.
Watching for file changes with StatReloader
"GET / HTTP/1.1" 200 1322
"GET /api/ HTTP/1.1" 200 204
"GET /api/ HTTP/1.1" 200 204
C:\Users\shiva\assignment\weather\templates\index.html changed, reloading.
Watching for file changes with StatReloader
"DELETE /api/manila/ HTTP/1.1" 204 0
"GET / HTTP/1.1" 200 1322
"GET /api/ HTTP/1.1" 200 165
"DELETE /api/london/ HTTP/1.1" 204 0
"GET / HTTP/1.1" 200 1322
"GET /api/ HTTP/1.1" 200 126
"GET /api/ HTTP/1.1" 200 126
C:\Users\shiva\assignment\weather\templates\index.html changed, reloading.
Watching for file changes with StatReloader
"GET /api/ HTTP/1.1" 200 126
C:\Users\shiva\assignment\weather\templates\index.html changed, reloading.
Watching for file changes with StatReloader
"GET /api/ HTTP/1.1" 200 126
C:\Users\shiva\assignment\weather\templates\index.html changed, reloading.
Watching for file changes with StatReloader
"GET / HTTP/1.1" 200 1322
"GET /api/ HTTP/1.1" 200 126
Watching for file changes with StatReloader
C:\Users\shiva\assignment\weather\weatherapp\views.py changed, reloading.
Watching for file changes with StatReloader
C:\Users\shiva\assignment\weather\templates\index.html changed, reloading.
Watching for file changes with StatReloader
C:\Users\shiva\assignment\weather\templates\index.html changed, reloading.
Watching for file changes with StatReloader
C:\Users\shiva\assignment\weather\weatherapp\views.py changed, reloading.
Watching for file changes with StatReloader
C:\Users\shiva\assignment\weather\weatherapp\views.py changed, reloading.
Watching for file changes with StatReloader
C:\Users\shiva\assignment\weather\weatherapp\urls.py changed, reloading.
Watching for file changes with StatReloader
"GET / HTTP/1.1" 200 1322
"GET /api/ HTTP/1.1" 200 126
"GET /api/ HTTP/1.1" 200 126
C:\Users\shiva\assignment\weather\templates\index.html changed, reloading.
Watching for file changes with StatReloader
"GET / HTTP/1.1" 200 1322
"GET /api/ HTTP/1.1" 200 126
Method Not Allowed (DELETE): /api/hong kong/
Method Not Allowed: /api/hong kong/
"DELETE /api/hong%20kong/ HTTP/1.1" 405 0
Internal Server Error: /api/japan/
Traceback (most recent call last):
  File "C:\Users\shiva\environment\assignenv\lib\site-packages\django\core\handlers\exception.py", line 47, in inner
    response = get_response(request)
  File "C:\Users\shiva\environment\assignenv\lib\site-packages\django\core\handlers\base.py", line 181, in _get_response
    response = wrapped_callback(request, *callback_args, **callback_kwargs)
  File "C:\Users\shiva\environment\assignenv\lib\site-packages\django\views\decorators\csrf.py", line 54, in wrapped_view
    return view_func(*args, **kwargs)
  File "C:\Users\shiva\environment\assignenv\lib\site-packages\django\views\generic\base.py", line 70, in view
    return self.dispatch(request, *args, **kwargs)
  File "C:\Users\shiva\environment\assignenv\lib\site-packages\rest_framework\views.py", line 509, in dispatch
    response = self.handle_exception(exc)
  File "C:\Users\shiva\environment\assignenv\lib\site-packages\rest_framework\views.py", line 469, in handle_exception
    self.raise_uncaught_exception(exc)
  File "C:\Users\shiva\environment\assignenv\lib\site-packages\rest_framework\views.py", line 480, in raise_uncaught_exception
    raise exc
  File "C:\Users\shiva\environment\assignenv\lib\site-packages\rest_framework\views.py", line 506, in dispatch
    response = handler(request, *args, **kwargs)
TypeError: delete() got an unexpected keyword argument 'slug'
"DELETE /api/japan/ HTTP/1.1" 500 90341
"GET / HTTP/1.1" 200 1322
"GET /api/ HTTP/1.1" 200 126
Internal Server Error: /api/japan/
Traceback (most recent call last):
  File "C:\Users\shiva\environment\assignenv\lib\site-packages\django\core\handlers\exception.py", line 47, in inner
    response = get_response(request)
  File "C:\Users\shiva\environment\assignenv\lib\site-packages\django\core\handlers\base.py", line 181, in _get_response
    response = wrapped_callback(request, *callback_args, **callback_kwargs)
  File "C:\Users\shiva\environment\assignenv\lib\site-packages\django\views\decorators\csrf.py", line 54, in wrapped_view
    return view_func(*args, **kwargs)
  File "C:\Users\shiva\environment\assignenv\lib\site-packages\django\views\generic\base.py", line 70, in view
    return self.dispatch(request, *args, **kwargs)
  File "C:\Users\shiva\environment\assignenv\lib\site-packages\rest_framework\views.py", line 509, in dispatch
    response = self.handle_exception(exc)
  File "C:\Users\shiva\environment\assignenv\lib\site-packages\rest_framework\views.py", line 469, in handle_exception
    self.raise_uncaught_exception(exc)
  File "C:\Users\shiva\environment\assignenv\lib\site-packages\rest_framework\views.py", line 480, in raise_uncaught_exception
    raise exc
  File "C:\Users\shiva\environment\assignenv\lib\site-packages\rest_framework\views.py", line 506, in dispatch
    response = handler(request, *args, **kwargs)
TypeError: delete() got an unexpected keyword argument 'slug'
"DELETE /api/japan/ HTTP/1.1" 500 90341
"GET /api/ HTTP/1.1" 200 126
C:\Users\shiva\assignment\weather\templates\index.html changed, reloading.
Watching for file changes with StatReloader
Internal Server Error: /api/batangas/
Traceback (most recent call last):
  File "C:\Users\shiva\environment\assignenv\lib\site-packages\django\core\handlers\exception.py", line 47, in inner
    response = get_response(request)
  File "C:\Users\shiva\environment\assignenv\lib\site-packages\django\core\handlers\base.py", line 181, in _get_response
    response = wrapped_callback(request, *callback_args, **callback_kwargs)
  File "C:\Users\shiva\environment\assignenv\lib\site-packages\django\views\decorators\csrf.py", line 54, in wrapped_view
    return view_func(*args, **kwargs)
  File "C:\Users\shiva\environment\assignenv\lib\site-packages\django\views\generic\base.py", line 70, in view
    return self.dispatch(request, *args, **kwargs)
  File "C:\Users\shiva\environment\assignenv\lib\site-packages\rest_framework\views.py", line 509, in dispatch
    response = self.handle_exception(exc)
  File "C:\Users\shiva\environment\assignenv\lib\site-packages\rest_framework\views.py", line 469, in handle_exception
    self.raise_uncaught_exception(exc)
  File "C:\Users\shiva\environment\assignenv\lib\site-packages\rest_framework\views.py", line 480, in raise_uncaught_exception
    raise exc
  File "C:\Users\shiva\environment\assignenv\lib\site-packages\rest_framework\views.py", line 506, in dispatch
    response = handler(request, *args, **kwargs)
TypeError: delete() got an unexpected keyword argument 'slug'
"DELETE /api/batangas/ HTTP/1.1" 500 90404
"GET / HTTP/1.1" 200 1322
"GET /api/ HTTP/1.1" 200 126
Internal Server Error: /api/batangas/
Traceback (most recent call last):
  File "C:\Users\shiva\environment\assignenv\lib\site-packages\django\core\handlers\exception.py", line 47, in inner
    response = get_response(request)
  File "C:\Users\shiva\environment\assignenv\lib\site-packages\django\core\handlers\base.py", line 181, in _get_response
    response = wrapped_callback(request, *callback_args, **callback_kwargs)
  File "C:\Users\shiva\environment\assignenv\lib\site-packages\django\views\decorators\csrf.py", line 54, in wrapped_view
    return view_func(*args, **kwargs)
  File "C:\Users\shiva\environment\assignenv\lib\site-packages\django\views\generic\base.py", line 70, in view
    return self.dispatch(request, *args, **kwargs)
  File "C:\Users\shiva\environment\assignenv\lib\site-packages\rest_framework\views.py", line 509, in dispatch
    response = self.handle_exception(exc)
  File "C:\Users\shiva\environment\assignenv\lib\site-packages\rest_framework\views.py", line 469, in handle_exception
    self.raise_uncaught_exception(exc)
  File "C:\Users\shiva\environment\assignenv\lib\site-packages\rest_framework\views.py", line 480, in raise_uncaught_exception
    raise exc
  File "C:\Users\shiva\environment\assignenv\lib\site-packages\rest_framework\views.py", line 506, in dispatch
    response = handler(request, *args, **kwargs)
TypeError: delete() got an unexpected keyword argument 'slug'
"DELETE /api/batangas/ HTTP/1.1" 500 90404
"GET /api/ HTTP/1.1" 200 126
C:\Users\shiva\assignment\weather\templates\index.html changed, reloading.
Watching for file changes with StatReloader
Internal Server Error: /api/batangas/
Traceback (most recent call last):
  File "C:\Users\shiva\environment\assignenv\lib\site-packages\django\core\handlers\exception.py", line 47, in inner
    response = get_response(request)
  File "C:\Users\shiva\environment\assignenv\lib\site-packages\django\core\handlers\base.py", line 181, in _get_response
    response = wrapped_callback(request, *callback_args, **callback_kwargs)
  File "C:\Users\shiva\environment\assignenv\lib\site-packages\django\views\decorators\csrf.py", line 54, in wrapped_view
    return view_func(*args, **kwargs)
  File "C:\Users\shiva\environment\assignenv\lib\site-packages\django\views\generic\base.py", line 70, in view
    return self.dispatch(request, *args, **kwargs)
  File "C:\Users\shiva\environment\assignenv\lib\site-packages\rest_framework\views.py", line 509, in dispatch
    response = self.handle_exception(exc)
  File "C:\Users\shiva\environment\assignenv\lib\site-packages\rest_framework\views.py", line 469, in handle_exception
    self.raise_uncaught_exception(exc)
  File "C:\Users\shiva\environment\assignenv\lib\site-packages\rest_framework\views.py", line 480, in raise_uncaught_exception
    raise exc
  File "C:\Users\shiva\environment\assignenv\lib\site-packages\rest_framework\views.py", line 506, in dispatch
    response = handler(request, *args, **kwargs)
TypeError: delete() got an unexpected keyword argument 'slug'
"DELETE /api/batangas/ HTTP/1.1" 500 90404
"GET / HTTP/1.1" 200 1322
"GET /api/ HTTP/1.1" 200 126
"GET / HTTP/1.1" 200 1322
"GET /api/ HTTP/1.1" 200 126
Internal Server Error: /api/japan/
Traceback (most recent call last):
  File "C:\Users\shiva\environment\assignenv\lib\site-packages\django\core\handlers\exception.py", line 47, in inner
    response = get_response(request)
  File "C:\Users\shiva\environment\assignenv\lib\site-packages\django\core\handlers\base.py", line 181, in _get_response
    response = wrapped_callback(request, *callback_args, **callback_kwargs)
  File "C:\Users\shiva\environment\assignenv\lib\site-packages\django\views\decorators\csrf.py", line 54, in wrapped_view
    return view_func(*args, **kwargs)
  File "C:\Users\shiva\environment\assignenv\lib\site-packages\django\views\generic\base.py", line 70, in view
    return self.dispatch(request, *args, **kwargs)
  File "C:\Users\shiva\environment\assignenv\lib\site-packages\rest_framework\views.py", line 509, in dispatch
    response = self.handle_exception(exc)
  File "C:\Users\shiva\environment\assignenv\lib\site-packages\rest_framework\views.py", line 469, in handle_exception
    self.raise_uncaught_exception(exc)
  File "C:\Users\shiva\environment\assignenv\lib\site-packages\rest_framework\views.py", line 480, in raise_uncaught_exception
    raise exc
  File "C:\Users\shiva\environment\assignenv\lib\site-packages\rest_framework\views.py", line 506, in dispatch
    response = handler(request, *args, **kwargs)
TypeError: delete() got an unexpected keyword argument 'slug'
"DELETE /api/japan/ HTTP/1.1" 500 90341
"GET /admin/ HTTP/1.1" 200 6415
"GET /static/admin/css/dashboard.css HTTP/1.1" 304 0
"GET /static/admin/css/base.css HTTP/1.1" 304 0
"GET /static/admin/css/nav_sidebar.css HTTP/1.1" 304 0
"GET /static/admin/css/responsive.css HTTP/1.1" 304 0
"GET /static/admin/css/fonts.css HTTP/1.1" 304 0
"GET /static/admin/js/nav_sidebar.js HTTP/1.1" 304 0
"GET /static/admin/img/icon-addlink.svg HTTP/1.1" 304 0
"GET /static/admin/img/icon-deletelink.svg HTTP/1.1" 304 0
"GET /static/admin/img/icon-changelink.svg HTTP/1.1" 304 0
"GET /static/admin/fonts/Roboto-Light-webfont.woff HTTP/1.1" 304 0
"GET /static/admin/fonts/Roboto-Regular-webfont.woff HTTP/1.1" 304 0
"GET /static/admin/fonts/Roboto-Bold-webfont.woff HTTP/1.1" 304 0
"GET /favicon.ico HTTP/1.1" 200 1322
"GET /admin/weatherapp/city/ HTTP/1.1" 200 6526
"GET /static/admin/css/changelists.css HTTP/1.1" 304 0
"GET /static/admin/js/core.js HTTP/1.1" 304 0
"GET /admin/jsi18n/ HTTP/1.1" 200 3195
"GET /static/admin/js/actions.js HTTP/1.1" 304 0
"GET /static/admin/js/admin/RelatedObjectLookups.js HTTP/1.1" 304 0
"GET /static/admin/js/prepopulate.js HTTP/1.1" 304 0
"GET /static/admin/js/urlify.js HTTP/1.1" 304 0
"GET /static/admin/js/jquery.init.js HTTP/1.1" 304 0
"GET /static/admin/js/vendor/xregexp/xregexp.js HTTP/1.1" 304 0
"GET /static/admin/js/vendor/jquery/jquery.js HTTP/1.1" 304 0
"GET /static/admin/img/tooltag-add.svg HTTP/1.1" 304 0
"GET /favicon.ico HTTP/1.1" 200 1322
"GET /api/ HTTP/1.1" 200 126
C:\Users\shiva\assignment\weather\templates\index.html changed, reloading.
Watching for file changes with StatReloader
Internal Server Error: /api/batangas/
Traceback (most recent call last):
  File "C:\Users\shiva\environment\assignenv\lib\site-packages\django\core\handlers\exception.py", line 47, in inner
    response = get_response(request)
  File "C:\Users\shiva\environment\assignenv\lib\site-packages\django\core\handlers\base.py", line 181, in _get_response
    response = wrapped_callback(request, *callback_args, **callback_kwargs)
  File "C:\Users\shiva\environment\assignenv\lib\site-packages\django\views\decorators\csrf.py", line 54, in wrapped_view
    return view_func(*args, **kwargs)
  File "C:\Users\shiva\environment\assignenv\lib\site-packages\django\views\generic\base.py", line 70, in view
    return self.dispatch(request, *args, **kwargs)
  File "C:\Users\shiva\environment\assignenv\lib\site-packages\rest_framework\views.py", line 509, in dispatch
    response = self.handle_exception(exc)
  File "C:\Users\shiva\environment\assignenv\lib\site-packages\rest_framework\views.py", line 469, in handle_exception
    self.raise_uncaught_exception(exc)
  File "C:\Users\shiva\environment\assignenv\lib\site-packages\rest_framework\views.py", line 480, in raise_uncaught_exception
    raise exc
  File "C:\Users\shiva\environment\assignenv\lib\site-packages\rest_framework\views.py", line 506, in dispatch
    response = handler(request, *args, **kwargs)
TypeError: delete() got an unexpected keyword argument 'slug'
"DELETE /api/batangas/ HTTP/1.1" 500 90404
Internal Server Error: /api/batangas/
Traceback (most recent call last):
  File "C:\Users\shiva\environment\assignenv\lib\site-packages\django\core\handlers\exception.py", line 47, in inner
    response = get_response(request)
  File "C:\Users\shiva\environment\assignenv\lib\site-packages\django\core\handlers\base.py", line 181, in _get_response
    response = wrapped_callback(request, *callback_args, **callback_kwargs)
  File "C:\Users\shiva\environment\assignenv\lib\site-packages\django\views\decorators\csrf.py", line 54, in wrapped_view
    return view_func(*args, **kwargs)
  File "C:\Users\shiva\environment\assignenv\lib\site-packages\django\views\generic\base.py", line 70, in view
    return self.dispatch(request, *args, **kwargs)
  File "C:\Users\shiva\environment\assignenv\lib\site-packages\rest_framework\views.py", line 509, in dispatch
    response = self.handle_exception(exc)
  File "C:\Users\shiva\environment\assignenv\lib\site-packages\rest_framework\views.py", line 469, in handle_exception
    self.raise_uncaught_exception(exc)
  File "C:\Users\shiva\environment\assignenv\lib\site-packages\rest_framework\views.py", line 480, in raise_uncaught_exception
    raise exc
  File "C:\Users\shiva\environment\assignenv\lib\site-packages\rest_framework\views.py", line 506, in dispatch
    response = handler(request, *args, **kwargs)
TypeError: get() got an unexpected keyword argument 'slug'
"GET /api/batangas/ HTTP/1.1" 500 90289
"GET /favicon.ico HTTP/1.1" 200 1322
C:\Users\shiva\assignment\weather\weatherapp\views.py changed, reloading.
Watching for file changes with StatReloader
"GET /api/batangas/ HTTP/1.1" 200 6429
"GET /static/rest_framework/css/bootstrap.min.css HTTP/1.1" 304 0
"GET /static/rest_framework/css/prettify.css HTTP/1.1" 304 0
"GET /static/rest_framework/css/bootstrap-tweaks.css HTTP/1.1" 304 0
"GET /static/rest_framework/css/default.css HTTP/1.1" 304 0
"GET /static/rest_framework/js/jquery-3.5.1.min.js HTTP/1.1" 304 0
"GET /static/rest_framework/js/ajax-form.js HTTP/1.1" 304 0
"GET /static/rest_framework/js/prettify-min.js HTTP/1.1" 304 0
"GET /static/rest_framework/img/grid.png HTTP/1.1" 304 0
"GET /static/rest_framework/js/csrf.js HTTP/1.1" 304 0
"GET /static/rest_framework/js/default.js HTTP/1.1" 304 0
"GET /static/rest_framework/js/bootstrap.min.js HTTP/1.1" 304 0
"GET /favicon.ico HTTP/1.1" 200 1322
"GET / HTTP/1.1" 200 1322
"GET /api/ HTTP/1.1" 200 126
"DELETE /api/batangas/ HTTP/1.1" 204 0
Not Found: /api/batangas/
"DELETE /api/batangas/ HTTP/1.1" 404 23
"GET / HTTP/1.1" 200 1322
"GET /api/ HTTP/1.1" 200 83
"DELETE /api/japan/ HTTP/1.1" 204 0
"GET / HTTP/1.1" 200 1322
"GET /api/ HTTP/1.1" 200 46
C:\Users\shiva\assignment\weather\templates\index.html changed, reloading.
"GET /api/ HTTP/1.1" 200 46
Watching for file changes with StatReloader
"GET / HTTP/1.1" 200 1322
"GET /api/ HTTP/1.1" 200 46
"POST /api/ HTTP/1.1" 201 42
Method Not Allowed (DELETE): /api/hong kong/
Method Not Allowed: /api/hong kong/
"DELETE /api/hong%20kong/ HTTP/1.1" 405 0
"DELETE /api/batangas/ HTTP/1.1" 204 0
"GET / HTTP/1.1" 200 1322
"GET /api/ HTTP/1.1" 200 46
"POST /api/ HTTP/1.1" 201 42
Method Not Allowed (DELETE): /api/new york/
Method Not Allowed: /api/new york/
"DELETE /api/new%20york/ HTTP/1.1" 405 0
"POST /api/ HTTP/1.1" 201 34
"DELETE /api/utah/ HTTP/1.1" 204 0
"GET / HTTP/1.1" 200 1322
"GET /api/ HTTP/1.1" 200 89
"GET /api/ HTTP/1.1" 200 89
C:\Users\shiva\assignment\weather\templates\index.html changed, reloading.
Watching for file changes with StatReloader
"POST /api/ HTTP/1.1" 201 34
"DELETE /api/utah/ HTTP/1.1" 204 0
"GET /api/ HTTP/1.1" 200 89
C:\Users\shiva\assignment\weather\templates\index.html changed, reloading.
Watching for file changes with StatReloader
"POST /api/ HTTP/1.1" 201 34
"DELETE /api/utah/ HTTP/1.1" 204 0
"GET / HTTP/1.1" 200 1322
"GET /api/ HTTP/1.1" 200 89
C:\Users\shiva\assignment\weather\weatherapp\signals.py changed, reloading.
Watching for file changes with StatReloader
"GET /admin/weatherapp/city/ HTTP/1.1" 200 6317
"GET /admin/jsi18n/ HTTP/1.1" 200 3195
"GET /favicon.ico HTTP/1.1" 200 1322
"POST /admin/weatherapp/city/ HTTP/1.1" 200 5203
"GET /static/admin/js/cancel.js HTTP/1.1" 304 0
"GET /favicon.ico HTTP/1.1" 200 1322
"POST /admin/weatherapp/city/ HTTP/1.1" 302 0
"GET /admin/weatherapp/city/ HTTP/1.1" 200 5090
"GET /admin/jsi18n/ HTTP/1.1" 200 3195
"GET /static/admin/img/icon-yes.svg HTTP/1.1" 304 0
"GET /favicon.ico HTTP/1.1" 200 1322
"GET / HTTP/1.1" 200 1322
"GET /api/ HTTP/1.1" 200 2
"POST /api/ HTTP/1.1" 201 41
Method Not Allowed (DELETE): /api/new york/
Method Not Allowed: /api/new york/
"DELETE /api/new%20york/ HTTP/1.1" 405 0
C:\Users\shiva\assignment\weather\weatherapp\signals.py changed, reloading.
Watching for file changes with StatReloader
"POST /api/ HTTP/1.1" 201 45
Method Not Allowed (DELETE): /api/new jersey/
Method Not Allowed: /api/new jersey/
"DELETE /api/new%20jersey/ HTTP/1.1" 405 0
C:\Users\shiva\assignment\weather\weatherapp\signals.py changed, reloading.
Watching for file changes with StatReloader
"GET / HTTP/1.1" 200 1322
"GET /api/ HTTP/1.1" 200 89
Method Not Allowed (DELETE): /api/new york/
Method Not Allowed: /api/new york/
"DELETE /api/new%20york/ HTTP/1.1" 405 0
"GET /admin/weatherapp/city/ HTTP/1.1" 200 6318
"GET /admin/jsi18n/ HTTP/1.1" 200 3195
"GET /favicon.ico HTTP/1.1" 200 1322
"POST /admin/weatherapp/city/ HTTP/1.1" 200 5204
"GET /favicon.ico HTTP/1.1" 200 1322
"POST /admin/weatherapp/city/ HTTP/1.1" 302 0
"GET /admin/weatherapp/city/ HTTP/1.1" 200 5090
"GET /admin/jsi18n/ HTTP/1.1" 200 3195
"GET /favicon.ico HTTP/1.1" 200 1322
"GET / HTTP/1.1" 200 1322
"GET /api/ HTTP/1.1" 200 2
"POST /api/ HTTP/1.1" 201 41
Method Not Allowed (DELETE): /api/new york/
Method Not Allowed: /api/new york/
"DELETE /api/new%20york/ HTTP/1.1" 405 0
Not Found: /api/batangas/
"GET /api/batangas/ HTTP/1.1" 404 6391
"GET /favicon.ico HTTP/1.1" 200 1322
"GET /api/ HTTP/1.1" 200 8483
"GET /favicon.ico HTTP/1.1" 200 1322
"POST /api/ HTTP/1.1" 201 8483
"GET /favicon.ico HTTP/1.1" 200 1322
C:\Users\shiva\assignment\weather\templates\index.html changed, reloading.
Watching for file changes with StatReloader
"GET / HTTP/1.1" 200 1322
"GET /api/ HTTP/1.1" 200 89
Method Not Allowed (DELETE): /api/new york/
Method Not Allowed: /api/new york/
"DELETE /api/new%20york/ HTTP/1.1" 405 0
C:\Users\shiva\assignment\weather\weatherapp\signals.py changed, reloading.
Watching for file changes with StatReloader
"POST /api/ HTTP/1.1" 201 8477
"GET /favicon.ico HTTP/1.1" 200 1322
"GET / HTTP/1.1" 200 1322
"GET /api/ HTTP/1.1" 200 131
Method Not Allowed (DELETE): /api/new york/
Method Not Allowed: /api/new york/
"DELETE /api/new%20york/ HTTP/1.1" 405 0
Method Not Allowed (DELETE): /api/new york/
Method Not Allowed: /api/new york/
"DELETE /api/new%20york/ HTTP/1.1" 405 0
Method Not Allowed (DELETE): /api/new jersey/
Method Not Allowed: /api/new jersey/
"DELETE /api/new%20jersey/ HTTP/1.1" 405 0
"GET /api/ HTTP/1.1" 200 131
C:\Users\shiva\assignment\weather\templates\index.html changed, reloading.
Watching for file changes with StatReloader
Internal Server Error: /api/newyork/
Traceback (most recent call last):
  File "C:\Users\shiva\environment\assignenv\lib\site-packages\django\core\handlers\exception.py", line 47, in inner
    response = get_response(request)
  File "C:\Users\shiva\environment\assignenv\lib\site-packages\django\core\handlers\base.py", line 181, in _get_response
    response = wrapped_callback(request, *callback_args, **callback_kwargs)
  File "C:\Users\shiva\environment\assignenv\lib\site-packages\django\views\decorators\csrf.py", line 54, in wrapped_view
    return view_func(*args, **kwargs)
  File "C:\Users\shiva\environment\assignenv\lib\site-packages\django\views\generic\base.py", line 70, in view
    return self.dispatch(request, *args, **kwargs)
  File "C:\Users\shiva\environment\assignenv\lib\site-packages\rest_framework\views.py", line 509, in dispatch
    response = self.handle_exception(exc)
  File "C:\Users\shiva\environment\assignenv\lib\site-packages\rest_framework\views.py", line 469, in handle_exception
    self.raise_uncaught_exception(exc)
  File "C:\Users\shiva\environment\assignenv\lib\site-packages\rest_framework\views.py", line 480, in raise_uncaught_exception
    raise exc
  File "C:\Users\shiva\environment\assignenv\lib\site-packages\rest_framework\views.py", line 506, in dispatch
    response = handler(request, *args, **kwargs)
  File "C:\Users\shiva\environment\assignenv\lib\site-packages\rest_framework\generics.py", line 271, in delete
    return self.destroy(request, *args, **kwargs)
  File "C:\Users\shiva\environment\assignenv\lib\site-packages\rest_framework\mixins.py", line 90, in destroy
    instance = self.get_object()
  File "C:\Users\shiva\environment\assignenv\lib\site-packages\rest_framework\generics.py", line 96, in get_object
    obj = get_object_or_404(queryset, **filter_kwargs)
  File "C:\Users\shiva\environment\assignenv\lib\site-packages\rest_framework\generics.py", line 19, in get_object_or_404
    return _get_object_or_404(queryset, *filter_args, **filter_kwargs)
  File "C:\Users\shiva\environment\assignenv\lib\site-packages\django\shortcuts.py", line 76, in get_object_or_404
    return queryset.get(*args, **kwargs)
  File "C:\Users\shiva\environment\assignenv\lib\site-packages\django\db\models\query.py", line 439, in get
    raise self.model.MultipleObjectsReturned(
weatherapp.models.City.MultipleObjectsReturned: get() returned more than one City -- it returned 2!
"DELETE /api/newyork/ HTTP/1.1" 500 116182
"GET / HTTP/1.1" 200 1322
"GET /api/ HTTP/1.1" 200 131
Internal Server Error: /api/newyork/
Traceback (most recent call last):
  File "C:\Users\shiva\environment\assignenv\lib\site-packages\django\core\handlers\exception.py", line 47, in inner
    response = get_response(request)
  File "C:\Users\shiva\environment\assignenv\lib\site-packages\django\core\handlers\base.py", line 181, in _get_response
    response = wrapped_callback(request, *callback_args, **callback_kwargs)
  File "C:\Users\shiva\environment\assignenv\lib\site-packages\django\views\decorators\csrf.py", line 54, in wrapped_view
    return view_func(*args, **kwargs)
  File "C:\Users\shiva\environment\assignenv\lib\site-packages\django\views\generic\base.py", line 70, in view
    return self.dispatch(request, *args, **kwargs)
  File "C:\Users\shiva\environment\assignenv\lib\site-packages\rest_framework\views.py", line 509, in dispatch
    response = self.handle_exception(exc)
  File "C:\Users\shiva\environment\assignenv\lib\site-packages\rest_framework\views.py", line 469, in handle_exception
    self.raise_uncaught_exception(exc)
  File "C:\Users\shiva\environment\assignenv\lib\site-packages\rest_framework\views.py", line 480, in raise_uncaught_exception
    raise exc
  File "C:\Users\shiva\environment\assignenv\lib\site-packages\rest_framework\views.py", line 506, in dispatch
    response = handler(request, *args, **kwargs)
  File "C:\Users\shiva\environment\assignenv\lib\site-packages\rest_framework\generics.py", line 271, in delete
    return self.destroy(request, *args, **kwargs)
  File "C:\Users\shiva\environment\assignenv\lib\site-packages\rest_framework\mixins.py", line 90, in destroy
    instance = self.get_object()
  File "C:\Users\shiva\environment\assignenv\lib\site-packages\rest_framework\generics.py", line 96, in get_object
    obj = get_object_or_404(queryset, **filter_kwargs)
  File "C:\Users\shiva\environment\assignenv\lib\site-packages\rest_framework\generics.py", line 19, in get_object_or_404
    return _get_object_or_404(queryset, *filter_args, **filter_kwargs)
  File "C:\Users\shiva\environment\assignenv\lib\site-packages\django\shortcuts.py", line 76, in get_object_or_404
    return queryset.get(*args, **kwargs)
  File "C:\Users\shiva\environment\assignenv\lib\site-packages\django\db\models\query.py", line 439, in get
    raise self.model.MultipleObjectsReturned(
weatherapp.models.City.MultipleObjectsReturned: get() returned more than one City -- it returned 2!
"DELETE /api/newyork/ HTTP/1.1" 500 116182
Internal Server Error: /api/newyork/
Traceback (most recent call last):
  File "C:\Users\shiva\environment\assignenv\lib\site-packages\django\core\handlers\exception.py", line 47, in inner
    response = get_response(request)
  File "C:\Users\shiva\environment\assignenv\lib\site-packages\django\core\handlers\base.py", line 181, in _get_response
    response = wrapped_callback(request, *callback_args, **callback_kwargs)
  File "C:\Users\shiva\environment\assignenv\lib\site-packages\django\views\decorators\csrf.py", line 54, in wrapped_view
    return view_func(*args, **kwargs)
  File "C:\Users\shiva\environment\assignenv\lib\site-packages\django\views\generic\base.py", line 70, in view
    return self.dispatch(request, *args, **kwargs)
  File "C:\Users\shiva\environment\assignenv\lib\site-packages\rest_framework\views.py", line 509, in dispatch
    response = self.handle_exception(exc)
  File "C:\Users\shiva\environment\assignenv\lib\site-packages\rest_framework\views.py", line 469, in handle_exception
    self.raise_uncaught_exception(exc)
  File "C:\Users\shiva\environment\assignenv\lib\site-packages\rest_framework\views.py", line 480, in raise_uncaught_exception
    raise exc
  File "C:\Users\shiva\environment\assignenv\lib\site-packages\rest_framework\views.py", line 506, in dispatch
    response = handler(request, *args, **kwargs)
  File "C:\Users\shiva\environment\assignenv\lib\site-packages\rest_framework\generics.py", line 268, in get
    return self.retrieve(request, *args, **kwargs)
  File "C:\Users\shiva\environment\assignenv\lib\site-packages\rest_framework\mixins.py", line 54, in retrieve
    instance = self.get_object()
  File "C:\Users\shiva\environment\assignenv\lib\site-packages\rest_framework\generics.py", line 96, in get_object
    obj = get_object_or_404(queryset, **filter_kwargs)
  File "C:\Users\shiva\environment\assignenv\lib\site-packages\rest_framework\generics.py", line 19, in get_object_or_404
    return _get_object_or_404(queryset, *filter_args, **filter_kwargs)
  File "C:\Users\shiva\environment\assignenv\lib\site-packages\django\shortcuts.py", line 76, in get_object_or_404
    return queryset.get(*args, **kwargs)
  File "C:\Users\shiva\environment\assignenv\lib\site-packages\django\db\models\query.py", line 439, in get
    raise self.model.MultipleObjectsReturned(
weatherapp.models.City.MultipleObjectsReturned: get() returned more than one City -- it returned 2!
"GET /api/newyork/ HTTP/1.1" 500 116153
"GET /favicon.ico HTTP/1.1" 200 1322
"GET /admin/weatherapp/city/ HTTP/1.1" 200 6530
"GET /admin/jsi18n/ HTTP/1.1" 200 3195
"GET /favicon.ico HTTP/1.1" 200 1322
"POST /admin/weatherapp/city/ HTTP/1.1" 200 5343
"GET /favicon.ico HTTP/1.1" 200 1322
"POST /admin/weatherapp/city/ HTTP/1.1" 302 0
"GET /admin/weatherapp/city/ HTTP/1.1" 200 5090
"GET /admin/jsi18n/ HTTP/1.1" 200 3195
"GET /favicon.ico HTTP/1.1" 200 1322
"GET / HTTP/1.1" 200 1322
"GET /api/ HTTP/1.1" 200 2
"POST /api/ HTTP/1.1" 201 41
"DELETE /api/newyork/ HTTP/1.1" 204 0
"GET /api/ HTTP/1.1" 200 2
C:\Users\shiva\assignment\weather\templates\index.html changed, reloading.
Watching for file changes with StatReloader
C:\Users\shiva\assignment\weather\templates\index.html changed, reloading.
Watching for file changes with StatReloader
C:\Users\shiva\assignment\weather\templates\index.html changed, reloading.
Watching for file changes with StatReloader
Not Found: /api/newyork/
"GET /api/newyork/ HTTP/1.1" 404 6384
"GET /favicon.ico HTTP/1.1" 200 1322
"GET / HTTP/1.1" 200 1322
"GET /api/ HTTP/1.1" 200 2
"POST /api/ HTTP/1.1" 201 41
"DELETE /api/newyork/ HTTP/1.1" 204 0
"GET /api/ HTTP/1.1" 200 2
C:\Users\shiva\assignment\weather\templates\index.html changed, reloading.
Watching for file changes with StatReloader
C:\Users\shiva\assignment\weather\weatherapp\models.py changed, reloading.
Watching for file changes with StatReloader
"GET / HTTP/1.1" 200 1322
"GET /api/ HTTP/1.1" 200 2
"POST /api/ HTTP/1.1" 201 41
"POST /api/ HTTP/1.1" 201 34
"POST /api/ HTTP/1.1" 201 45
Bad Request: /api/
"POST /api/ HTTP/1.1" 400 44
C:\Users\shiva\assignment\weather\weatherapp\serializers.py changed, reloading.
Watching for file changes with StatReloader
"GET / HTTP/1.1" 200 1322
"GET /api/ HTTP/1.1" 200 124
Bad Request: /api/
"POST /api/ HTTP/1.1" 400 48
"GET /api/newyork/ HTTP/1.1" 200 6421
"GET /favicon.ico HTTP/1.1" 200 1322
"GET /api/ HTTP/1.1" 200 8704
"GET /favicon.ico HTTP/1.1" 200 1322
"GET /api/ HTTP/1.1" 200 8704
"GET /favicon.ico HTTP/1.1" 200 1322
"GET /api/ HTTP/1.1" 200 8704
"GET /favicon.ico HTTP/1.1" 200 1322
"GET /api/ HTTP/1.1" 200 8704
"GET /favicon.ico HTTP/1.1" 200 1322
Bad Request: /api/
"POST /api/ HTTP/1.1" 400 48
"GET /api/ HTTP/1.1" 200 124
C:\Users\shiva\assignment\weather\templates\index.html changed, reloading.
Watching for file changes with StatReloader
Bad Request: /api/
"POST /api/ HTTP/1.1" 400 48
"GET /api/ HTTP/1.1" 200 124
C:\Users\shiva\assignment\weather\templates\index.html changed, reloading.
Watching for file changes with StatReloader
Bad Request: /api/
"POST /api/ HTTP/1.1" 400 48
"GET /api/ HTTP/1.1" 200 124
C:\Users\shiva\assignment\weather\templates\index.html changed, reloading.
Watching for file changes with StatReloader
"POST /api/ HTTP/1.1" 201 41
"GET / HTTP/1.1" 200 1322
"GET /api/ HTTP/1.1" 200 166
"GET /api/ HTTP/1.1" 200 8816
"GET /favicon.ico HTTP/1.1" 200 1322
"GET /api/ HTTP/1.1" 200 8816
"GET /favicon.ico HTTP/1.1" 200 1322
"GET /api/ HTTP/1.1" 200 8816
"GET /favicon.ico HTTP/1.1" 200 1322
"GET /api/ HTTP/1.1" 200 8816
"GET /favicon.ico HTTP/1.1" 200 1322
"GET /api/ HTTP/1.1" 200 8816
"GET /favicon.ico HTTP/1.1" 200 1322
"GET /api/ HTTP/1.1" 200 8816
"GET /favicon.ico HTTP/1.1" 200 1322
"GET /api/ HTTP/1.1" 200 8816
"GET /favicon.ico HTTP/1.1" 200 1322
"GET /api/ HTTP/1.1" 200 8816
"GET /favicon.ico HTTP/1.1" 200 1322
"GET /api/ HTTP/1.1" 200 8816
"GET /favicon.ico HTTP/1.1" 200 1322
"GET /api/ HTTP/1.1" 200 8816
"GET /favicon.ico HTTP/1.1" 200 1322
"POST /api/ HTTP/1.1" 201 41
Internal Server Error: /api/newyork/
Traceback (most recent call last):
  File "C:\Users\shiva\environment\assignenv\lib\site-packages\django\core\handlers\exception.py", line 47, in inner
    response = get_response(request)
  File "C:\Users\shiva\environment\assignenv\lib\site-packages\django\core\handlers\base.py", line 181, in _get_response
    response = wrapped_callback(request, *callback_args, **callback_kwargs)
  File "C:\Users\shiva\environment\assignenv\lib\site-packages\django\views\decorators\csrf.py", line 54, in wrapped_view
    return view_func(*args, **kwargs)
  File "C:\Users\shiva\environment\assignenv\lib\site-packages\django\views\generic\base.py", line 70, in view
    return self.dispatch(request, *args, **kwargs)
  File "C:\Users\shiva\environment\assignenv\lib\site-packages\rest_framework\views.py", line 509, in dispatch
    response = self.handle_exception(exc)
  File "C:\Users\shiva\environment\assignenv\lib\site-packages\rest_framework\views.py", line 469, in handle_exception
    self.raise_uncaught_exception(exc)
  File "C:\Users\shiva\environment\assignenv\lib\site-packages\rest_framework\views.py", line 480, in raise_uncaught_exception
    raise exc
  File "C:\Users\shiva\environment\assignenv\lib\site-packages\rest_framework\views.py", line 506, in dispatch
    response = handler(request, *args, **kwargs)
  File "C:\Users\shiva\environment\assignenv\lib\site-packages\rest_framework\generics.py", line 271, in delete
    return self.destroy(request, *args, **kwargs)
  File "C:\Users\shiva\environment\assignenv\lib\site-packages\rest_framework\mixins.py", line 90, in destroy
    instance = self.get_object()
  File "C:\Users\shiva\environment\assignenv\lib\site-packages\rest_framework\generics.py", line 96, in get_object
    obj = get_object_or_404(queryset, **filter_kwargs)
  File "C:\Users\shiva\environment\assignenv\lib\site-packages\rest_framework\generics.py", line 19, in get_object_or_404
    return _get_object_or_404(queryset, *filter_args, **filter_kwargs)
  File "C:\Users\shiva\environment\assignenv\lib\site-packages\django\shortcuts.py", line 76, in get_object_or_404
    return queryset.get(*args, **kwargs)
  File "C:\Users\shiva\environment\assignenv\lib\site-packages\django\db\models\query.py", line 439, in get
    raise self.model.MultipleObjectsReturned(
weatherapp.models.City.MultipleObjectsReturned: get() returned more than one City -- it returned 3!
"DELETE /api/newyork/ HTTP/1.1" 500 116426
"GET /api/ HTTP/1.1" 200 8928
"GET /favicon.ico HTTP/1.1" 200 1322
Internal Server Error: /api/newyork/
Traceback (most recent call last):
  File "C:\Users\shiva\environment\assignenv\lib\site-packages\django\core\handlers\exception.py", line 47, in inner
    response = get_response(request)
  File "C:\Users\shiva\environment\assignenv\lib\site-packages\django\core\handlers\base.py", line 181, in _get_response
    response = wrapped_callback(request, *callback_args, **callback_kwargs)
  File "C:\Users\shiva\environment\assignenv\lib\site-packages\django\views\decorators\csrf.py", line 54, in wrapped_view
    return view_func(*args, **kwargs)
  File "C:\Users\shiva\environment\assignenv\lib\site-packages\django\views\generic\base.py", line 70, in view
    return self.dispatch(request, *args, **kwargs)
  File "C:\Users\shiva\environment\assignenv\lib\site-packages\rest_framework\views.py", line 509, in dispatch
    response = self.handle_exception(exc)
  File "C:\Users\shiva\environment\assignenv\lib\site-packages\rest_framework\views.py", line 469, in handle_exception
    self.raise_uncaught_exception(exc)
  File "C:\Users\shiva\environment\assignenv\lib\site-packages\rest_framework\views.py", line 480, in raise_uncaught_exception
    raise exc
  File "C:\Users\shiva\environment\assignenv\lib\site-packages\rest_framework\views.py", line 506, in dispatch
    response = handler(request, *args, **kwargs)
  File "C:\Users\shiva\environment\assignenv\lib\site-packages\rest_framework\generics.py", line 268, in get
    return self.retrieve(request, *args, **kwargs)
  File "C:\Users\shiva\environment\assignenv\lib\site-packages\rest_framework\mixins.py", line 54, in retrieve
    instance = self.get_object()
  File "C:\Users\shiva\environment\assignenv\lib\site-packages\rest_framework\generics.py", line 96, in get_object
    obj = get_object_or_404(queryset, **filter_kwargs)
  File "C:\Users\shiva\environment\assignenv\lib\site-packages\rest_framework\generics.py", line 19, in get_object_or_404
    return _get_object_or_404(queryset, *filter_args, **filter_kwargs)
  File "C:\Users\shiva\environment\assignenv\lib\site-packages\django\shortcuts.py", line 76, in get_object_or_404
    return queryset.get(*args, **kwargs)
  File "C:\Users\shiva\environment\assignenv\lib\site-packages\django\db\models\query.py", line 439, in get
    raise self.model.MultipleObjectsReturned(
weatherapp.models.City.MultipleObjectsReturned: get() returned more than one City -- it returned 3!
"GET /api/newyork/ HTTP/1.1" 500 116397
"GET /favicon.ico HTTP/1.1" 200 1322
"GET /admin/ HTTP/1.1" 200 6443
"GET /favicon.ico HTTP/1.1" 200 1322
"GET /admin/weatherapp/city/ HTTP/1.1" 200 6950
"GET /admin/jsi18n/ HTTP/1.1" 200 3195
"GET /favicon.ico HTTP/1.1" 200 1322
"POST /admin/weatherapp/city/ HTTP/1.1" 200 5617
"GET /favicon.ico HTTP/1.1" 200 1322
"POST /admin/weatherapp/city/ HTTP/1.1" 302 0
"GET /admin/weatherapp/city/ HTTP/1.1" 200 5090
"GET /admin/jsi18n/ HTTP/1.1" 200 3195
"GET /favicon.ico HTTP/1.1" 200 1322
C:\Users\shiva\assignment\weather\weatherapp\models.py changed, reloading.
Watching for file changes with StatReloader
Watching for file changes with StatReloader
"GET /admin/weatherapp/city/ HTTP/1.1" 200 4955
"GET /admin/jsi18n/ HTTP/1.1" 200 3195
"GET /favicon.ico HTTP/1.1" 200 1322
"GET /admin/weatherapp/city/ HTTP/1.1" 200 4955
"GET /admin/jsi18n/ HTTP/1.1" 200 3195
"GET /favicon.ico HTTP/1.1" 200 1322
"GET /admin/weatherapp/city/ HTTP/1.1" 200 4955
"GET /admin/jsi18n/ HTTP/1.1" 200 3195
"GET /favicon.ico HTTP/1.1" 200 1322
"GET /admin/weatherapp/city/ HTTP/1.1" 200 4955
"GET /admin/jsi18n/ HTTP/1.1" 200 3195
"GET /favicon.ico HTTP/1.1" 200 1322
"GET /api/ HTTP/1.1" 200 8371
"GET /favicon.ico HTTP/1.1" 200 1322
"POST /api/ HTTP/1.1" 201 8477
"GET /favicon.ico HTTP/1.1" 200 1322
Bad Request: /api/
"POST /api/ HTTP/1.1" 400 8585
"GET /favicon.ico HTTP/1.1" 200 1322
"POST /api/ HTTP/1.1" 201 8477
"GET /favicon.ico HTTP/1.1" 200 1322
"GET /api/ HTTP/1.1" 200 8595
"GET /favicon.ico HTTP/1.1" 200 1322
"GET /api/ HTTP/1.1" 200 85
C:\Users\shiva\assignment\weather\templates\index.html changed, reloading.
"GET /api/ HTTP/1.1" 200 8595
"GET /favicon.ico HTTP/1.1" 200 1322
C:\Users\shiva\assignment\weather\templates\index.html changed, reloading.
Watching for file changes with StatReloader
Watching for file changes with StatReloader
"GET /api/ HTTP/1.1" 200 8595
"GET /favicon.ico HTTP/1.1" 200 1322
"GET /admin/weatherapp/city/ HTTP/1.1" 200 6316
"GET /admin/jsi18n/ HTTP/1.1" 200 3195
"GET /favicon.ico HTTP/1.1" 200 1322
"POST /admin/weatherapp/city/ HTTP/1.1" 200 5202
"GET /favicon.ico HTTP/1.1" 200 1322
"POST /admin/weatherapp/city/ HTTP/1.1" 302 0
"GET /admin/weatherapp/city/ HTTP/1.1" 200 5090
"GET /admin/jsi18n/ HTTP/1.1" 200 3195
"GET /favicon.ico HTTP/1.1" 200 1322
"GET /api/ HTTP/1.1" 200 8371
"GET /favicon.ico HTTP/1.1" 200 1322
"POST /api/ HTTP/1.1" 201 8477
"GET /favicon.ico HTTP/1.1" 200 1322
"GET /api/ HTTP/1.1" 200 8483
"GET /favicon.ico HTTP/1.1" 200 1322
"GET /admin/weatherapp/city/ HTTP/1.1" 200 6103
"GET /admin/jsi18n/ HTTP/1.1" 200 3195
"GET /favicon.ico HTTP/1.1" 200 1322
"POST /admin/weatherapp/city/ HTTP/1.1" 200 5062
"GET /favicon.ico HTTP/1.1" 200 1322
"POST /admin/weatherapp/city/ HTTP/1.1" 302 0
"GET /admin/weatherapp/city/ HTTP/1.1" 200 5089
"GET /admin/jsi18n/ HTTP/1.1" 200 3195
"GET /favicon.ico HTTP/1.1" 200 1322
"POST /api/ HTTP/1.1" 201 41
"GET / HTTP/1.1" 200 1322
"GET /api/ HTTP/1.1" 200 43
Bad Request: /api/
"POST /api/ HTTP/1.1" 400 48
Bad Request: /api/
"POST /api/ HTTP/1.1" 400 48
"GET / HTTP/1.1" 200 1322
"GET /api/ HTTP/1.1" 200 43
C:\Users\shiva\assignment\weather\weatherapp\serializers.py changed, reloading.
C:\Users\shiva\assignment\weather\weatherapp\serializers.py changed, reloading.
Watching for file changes with StatReloader
Watching for file changes with StatReloader
"GET / HTTP/1.1" 200 1322
"GET /api/ HTTP/1.1" 200 43
Bad Request: /api/
"POST /api/ HTTP/1.1" 400 48
"GET / HTTP/1.1" 200 1322
"GET /api/ HTTP/1.1" 200 43
"GET /api/ HTTP/1.1" 200 43
C:\Users\shiva\assignment\weather\templates\index.html changed, reloading.
C:\Users\shiva\assignment\weather\templates\index.html changed, reloading.
Watching for file changes with StatReloader
Watching for file changes with StatReloader
"GET / HTTP/1.1" 200 1322
"GET /api/ HTTP/1.1" 200 43
Bad Request: /api/
"POST /api/ HTTP/1.1" 400 48
Bad Request: /api/
"POST /api/ HTTP/1.1" 400 48
"POST /api/ HTTP/1.1" 201 45
"GET / HTTP/1.1" 200 1322
"GET /api/ HTTP/1.1" 200 89
"GET /api/ HTTP/1.1" 200 8599
"GET /favicon.ico HTTP/1.1" 200 1322
"GET / HTTP/1.1" 200 1322
"GET /api/ HTTP/1.1" 200 89
"POST /api/ HTTP/1.1" 201 34
"POST /api/ HTTP/1.1" 201 38
"DELETE /api/manila/ HTTP/1.1" 204 0
"DELETE /api/utah/ HTTP/1.1" 204 0
"GET /api/ HTTP/1.1" 200 89
C:\Users\shiva\assignment\weather\templates\index.html changed, reloading.
C:\Users\shiva\assignment\weather\templates\index.html changed, reloading.
Watching for file changes with StatReloader
Watching for file changes with StatReloader
"DELETE /api/newyork/ HTTP/1.1" 204 0
"DELETE /api/newjersey/ HTTP/1.1" 204 0
"POST /api/ HTTP/1.1" 201 38
"POST /api/ HTTP/1.1" 201 34
"POST /api/ HTTP/1.1" 201 45
"DELETE /api/newjersey/ HTTP/1.1" 204 0
"DELETE /api/manila/ HTTP/1.1" 204 0
Not Found: /api/manila/
"DELETE /api/manila/ HTTP/1.1" 404 23
"GET / HTTP/1.1" 200 1322
"GET /api/ HTTP/1.1" 200 36
"POST /api/ HTTP/1.1" 201 38
"DELETE /api/utah/ HTTP/1.1" 204 0
"POST /api/ HTTP/1.1" 201 41
Not Found: /api/utah/
"DELETE /api/utah/ HTTP/1.1" 404 23
"GET / HTTP/1.1" 200 1322
"GET /api/ HTTP/1.1" 200 82
"DELETE /api/newyork/ HTTP/1.1" 204 0
"GET /api/ HTTP/1.1" 200 40
C:\Users\shiva\assignment\weather\templates\index.html changed, reloading.
C:\Users\shiva\assignment\weather\templates\index.html changed, reloading.
Watching for file changes with StatReloader
Watching for file changes with StatReloader
"GET / HTTP/1.1" 200 1322
"GET /api/ HTTP/1.1" 200 40
C:\Users\shiva\assignment\weather\templates\index.html changed, reloading.
C:\Users\shiva\assignment\weather\templates\index.html changed, reloading.
Watching for file changes with StatReloader
Watching for file changes with StatReloader
"POST /api/ HTTP/1.1" 201 41
"DELETE /api/manila/ HTTP/1.1" 204 0
Not Found: /api/manila/
"DELETE /api/manila/ HTTP/1.1" 404 23
"GET / HTTP/1.1" 200 1322
"GET /api/ HTTP/1.1" 200 43
"DELETE /api/newyork/ HTTP/1.1" 204 0
"POST /api/ HTTP/1.1" 201 38
"POST /api/ HTTP/1.1" 201 34
"POST /api/ HTTP/1.1" 201 45
"POST /api/ HTTP/1.1" 201 44
"POST /api/ HTTP/1.1" 201 36
"DELETE /api/paranaque/ HTTP/1.1" 204 0
"DELETE /api/newjersey/ HTTP/1.1" 204 0
"DELETE /api/manila/ HTTP/1.1" 204 0
"DELETE /api/utah/ HTTP/1.1" 204 0
Not Found: /api/manila/
"DELETE /api/manila/ HTTP/1.1" 404 23
"GET / HTTP/1.1" 200 1322
"GET /api/ HTTP/1.1" 200 38
"DELETE /api/italy/ HTTP/1.1" 204 0
"GET / HTTP/1.1" 200 1322
"GET /api/ HTTP/1.1" 200 2
"POST /api/ HTTP/1.1" 201 41
"POST /api/ HTTP/1.1" 201 34
"POST /api/ HTTP/1.1" 201 38
"DELETE /api/manila/ HTTP/1.1" 204 0
"POST /api/ HTTP/1.1" 201 38
"DELETE /api/manila/ HTTP/1.1" 204 0
Bad Request: /api/
"POST /api/ HTTP/1.1" 400 48
"POST /api/ HTTP/1.1" 201 44
"POST /api/ HTTP/1.1" 201 38
"POST /api/ HTTP/1.1" 201 42
"DELETE /api/batangas/ HTTP/1.1" 204 0
"DELETE /api/utah/ HTTP/1.1" 204 0
Not Found: /api/utah/
"DELETE /api/utah/ HTTP/1.1" 404 23
"GET / HTTP/1.1" 200 1322
"GET /api/ HTTP/1.1" 200 127
"POST /api/ HTTP/1.1" 201 38
"DELETE /api/bataan/ HTTP/1.1" 204 0
"GET / HTTP/1.1" 200 1322
"GET /api/ HTTP/1.1" 200 127
"DELETE /api/manila/ HTTP/1.1" 204 0
"GET / HTTP/1.1" 200 1322
"GET /api/ HTTP/1.1" 200 88
"GET /api/ HTTP/1.1" 200 88
C:\Users\shiva\assignment\weather\templates\index.html changed, reloading.
C:\Users\shiva\assignment\weather\templates\index.html changed, reloading.
Watching for file changes with StatReloader
Watching for file changes with StatReloader
"DELETE /api/paranaque/ HTTP/1.1" 204 0
"GET / HTTP/1.1" 200 1322
"GET /api/ HTTP/1.1" 200 43
"POST /api/ HTTP/1.1" 201 44
"GET /api/ HTTP/1.1" 200 88
C:\Users\shiva\assignment\weather\templates\index.html changed, reloading.
C:\Users\shiva\assignment\weather\templates\index.html changed, reloading.
Watching for file changes with StatReloader
Watching for file changes with StatReloader
"GET /api/ HTTP/1.1" 200 88
C:\Users\shiva\assignment\weather\templates\index.html changed, reloading.
"GET / HTTP/1.1" 200 1322
C:\Users\shiva\assignment\weather\templates\index.html changed, reloading.
Watching for file changes with StatReloader
Watching for file changes with StatReloader
"GET / HTTP/1.1" 200 1322
- Broken pipe from ('127.0.0.1', 51902)

"GET /api/ HTTP/1.1" 200 88
"POST /api/ HTTP/1.1" 201 45
"GET /api/ HTTP/1.1" 200 134
C:\Users\shiva\assignment\weather\templates\index.html changed, reloading.
C:\Users\shiva\assignment\weather\templates\index.html changed, reloading.
Watching for file changes with StatReloader
Watching for file changes with StatReloader
"POST /api/ HTTP/1.1" 201 34
"GET /api/ HTTP/1.1" 200 169
"GET /api/ HTTP/1.1" 200 169
C:\Users\shiva\assignment\weather\templates\index.html changed, reloading.
C:\Users\shiva\assignment\weather\templates\index.html changed, reloading.
Watching for file changes with StatReloader
Watching for file changes with StatReloader
"GET / HTTP/1.1" 200 1322
"GET /api/ HTTP/1.1" 200 169
"GET /api/ HTTP/1.1" 200 169
C:\Users\shiva\assignment\weather\templates\index.html changed, reloading.
C:\Users\shiva\assignment\weather\templates\index.html changed, reloading.
Watching for file changes with StatReloader
Watching for file changes with StatReloader
"GET /api/ HTTP/1.1" 200 169
C:\Users\shiva\assignment\weather\templates\index.html changed, reloading.
C:\Users\shiva\assignment\weather\templates\index.html changed, reloading.
Watching for file changes with StatReloader
Watching for file changes with StatReloader
"DELETE /api/newyork/ HTTP/1.1" 204 0
"DELETE /api/newjersey/ HTTP/1.1" 204 0
"GET /api/ HTTP/1.1" 200 81
C:\Users\shiva\assignment\weather\templates\index.html changed, reloading.
C:\Users\shiva\assignment\weather\templates\index.html changed, reloading.
Watching for file changes with StatReloader
Watching for file changes with StatReloader
"DELETE /api/utah/ HTTP/1.1" 204 0
"GET /api/ HTTP/1.1" 200 46
C:\Users\shiva\assignment\weather\templates\index.html changed, reloading.
C:\Users\shiva\assignment\weather\templates\index.html changed, reloading.
Watching for file changes with StatReloader
Watching for file changes with StatReloader
"DELETE /api/paranaque/ HTTP/1.1" 204 0
"GET / HTTP/1.1" 200 1322
"GET /api/ HTTP/1.1" 200 2
"POST /api/ HTTP/1.1" 201 41
"GET /api/ HTTP/1.1" 200 43
C:\Users\shiva\assignment\weather\templates\index.html changed, reloading.
C:\Users\shiva\assignment\weather\templates\index.html changed, reloading.
Watching for file changes with StatReloader
Watching for file changes with StatReloader
"DELETE /api/newyork/ HTTP/1.1" 204 0
"GET / HTTP/1.1" 200 1322
"GET /api/ HTTP/1.1" 200 2
"POST /api/ HTTP/1.1" 201 38
"POST /api/ HTTP/1.1" 201 34
"POST /api/ HTTP/1.1" 201 44
"DELETE /api/paranaque/ HTTP/1.1" 204 0
"DELETE /api/manila/ HTTP/1.1" 204 0
"DELETE /api/utah/ HTTP/1.1" 204 0
"POST /api/ HTTP/1.1" 201 38
"POST /api/ HTTP/1.1" 201 34
"POST /api/ HTTP/1.1" 201 45
"POST /api/ HTTP/1.1" 201 41
"POST /api/ HTTP/1.1" 201 44
Bad Request: /api/
"POST /api/ HTTP/1.1" 400 48
Bad Request: /api/
"POST /api/ HTTP/1.1" 400 48
"DELETE /api/newyork/ HTTP/1.1" 204 0
"DELETE /api/utah/ HTTP/1.1" 204 0
"DELETE /api/newjersey/ HTTP/1.1" 204 0
"DELETE /api/paranaque/ HTTP/1.1" 204 0
"DELETE /api/manila/ HTTP/1.1" 204 0
"GET / HTTP/1.1" 200 1322
"GET /api/ HTTP/1.1" 200 2
"GET / HTTP/1.1" 200 1322
"GET /api/ HTTP/1.1" 200 2
C:\Users\shiva\assignment\weather\weatherapp\signals.py changed, reloading.
Watching for file changes with StatReloader
C:\Users\shiva\assignment\weather\weatherapp\signals.py changed, reloading.
Watching for file changes with StatReloader
"GET / HTTP/1.1" 200 1322
"GET /api/ HTTP/1.1" 200 2
C:\Users\shiva\assignment\weather\weatherapp\urls.py changed, reloading.
Watching for file changes with StatReloader
C:\Users\shiva\assignment\weather\weatherapp\urls.py changed, reloading.
Watching for file changes with StatReloader
Bad Request: /api/
"POST /api/ HTTP/1.1" 201 34
"DELETE /api/utah/ HTTP/1.1" 204 0
Watching for file changes with StatReloader
C:\Users\shiva\assignment\weather\templates\index.html changed, reloading.
Watching for file changes with StatReloader
"GET / HTTP/1.1" 200 1322
"GET /api/ HTTP/1.1" 200 2
"POST /api/ HTTP/1.1" 201 38
"POST /api/ HTTP/1.1" 201 34
"POST /api/ HTTP/1.1" 201 45
"POST /api/ HTTP/1.1" 201 41
"GET /api/ HTTP/1.1" 200 163
C:\Users\shiva\assignment\weather\templates\index.html changed, reloading.
Watching for file changes with StatReloader
"GET /api/ HTTP/1.1" 200 163
C:\Users\shiva\assignment\weather\templates\index.html changed, reloading.
Watching for file changes with StatReloader
"DELETE /api/manila/ HTTP/1.1" 204 0
"DELETE /api/utah/ HTTP/1.1" 204 0
"DELETE /api/newjersey/ HTTP/1.1" 204 0
"POST /api/ HTTP/1.1" 201 34
C:\Users\shiva\assignment\weather\templates\index.html changed, reloading.
Watching for file changes with StatReloader
"GET / HTTP/1.1" 200 1322
"GET /api/ HTTP/1.1" 200 78
"POST /api/ HTTP/1.1" 201 40
"POST /api/ HTTP/1.1" 201 42
"GET /api/ HTTP/1.1" 200 162
C:\Users\shiva\assignment\weather\templates\index.html changed, reloading.
Watching for file changes with StatReloader
C:\Users\shiva\assignment\weather\templates\index.html changed, reloading.
Watching for file changes with StatReloader
"GET / HTTP/1.1" 200 1322
"GET /api/ HTTP/1.1" 200 162
"GET /api/ HTTP/1.1" 200 162
C:\Users\shiva\assignment\weather\templates\index.html changed, reloading.
Watching for file changes with StatReloader
"GET / HTTP/1.1" 200 1322
"GET /api/ HTTP/1.1" 200 162
"GET /api/ HTTP/1.1" 200 162
C:\Users\shiva\assignment\weather\templates\index.html changed, reloading.
Watching for file changes with StatReloader
"GET /api/ HTTP/1.1" 200 162
C:\Users\shiva\assignment\weather\templates\index.html changed, reloading.
Watching for file changes with StatReloader
"GET /api/ HTTP/1.1" 200 162
C:\Users\shiva\assignment\weather\templates\index.html changed, reloading.
Watching for file changes with StatReloader
C:\Users\shiva\assignment\weather\templates\index.html changed, reloading.
Watching for file changes with StatReloader
"GET / HTTP/1.1" 200 1322
"GET /api/ HTTP/1.1" 200 162
"GET /api/ HTTP/1.1" 200 162
C:\Users\shiva\assignment\weather\templates\index.html changed, reloading.
Watching for file changes with StatReloader
"GET / HTTP/1.1" 200 1322
"GET /api/ HTTP/1.1" 200 162
"GET /api/ HTTP/1.1" 200 162
C:\Users\shiva\assignment\weather\templates\index.html changed, reloading.
Watching for file changes with StatReloader
"GET /api/ HTTP/1.1" 200 162
C:\Users\shiva\assignment\weather\templates\index.html changed, reloading.
Watching for file changes with StatReloader
"GET /api/ HTTP/1.1" 200 162
C:\Users\shiva\assignment\weather\templates\index.html changed, reloading.
Watching for file changes with StatReloader
"GET /api/ HTTP/1.1" 200 162
C:\Users\shiva\assignment\weather\templates\index.html changed, reloading.
Watching for file changes with StatReloader
"GET /api/ HTTP/1.1" 200 162
C:\Users\shiva\assignment\weather\templates\index.html changed, reloading.
Watching for file changes with StatReloader
"GET /api/ HTTP/1.1" 200 162
C:\Users\shiva\assignment\weather\templates\index.html changed, reloading.
Watching for file changes with StatReloader
"GET /api/ HTTP/1.1" 200 162
C:\Users\shiva\assignment\weather\templates\index.html changed, reloading.
Watching for file changes with StatReloader
"GET /api/ HTTP/1.1" 200 162
C:\Users\shiva\assignment\weather\templates\index.html changed, reloading.
Watching for file changes with StatReloader
"GET /api/ HTTP/1.1" 200 162
C:\Users\shiva\assignment\weather\templates\index.html changed, reloading.
Watching for file changes with StatReloader
"GET /api/ HTTP/1.1" 200 162
C:\Users\shiva\assignment\weather\templates\index.html changed, reloading.
Watching for file changes with StatReloader
"GET /api/ HTTP/1.1" 200 162
C:\Users\shiva\assignment\weather\templates\index.html changed, reloading.
Watching for file changes with StatReloader
"GET /api/ HTTP/1.1" 200 162
C:\Users\shiva\assignment\weather\templates\index.html changed, reloading.
Watching for file changes with StatReloader
"GET /api/ HTTP/1.1" 200 162
C:\Users\shiva\assignment\weather\templates\index.html changed, reloading.
Watching for file changes with StatReloader
"GET /api/ HTTP/1.1" 200 162
C:\Users\shiva\assignment\weather\templates\index.html changed, reloading.
Watching for file changes with StatReloader
"GET /api/ HTTP/1.1" 200 162
C:\Users\shiva\assignment\weather\templates\index.html changed, reloading.
Watching for file changes with StatReloader
"GET /api/ HTTP/1.1" 200 162
C:\Users\shiva\assignment\weather\templates\index.html changed, reloading.
Watching for file changes with StatReloader
"GET /api/ HTTP/1.1" 200 162
C:\Users\shiva\assignment\weather\templates\index.html changed, reloading.
Watching for file changes with StatReloader
"GET /api/ HTTP/1.1" 200 162
C:\Users\shiva\assignment\weather\templates\index.html changed, reloading.
Watching for file changes with StatReloader
"GET /api/ HTTP/1.1" 200 162
C:\Users\shiva\assignment\weather\templates\index.html changed, reloading.
Watching for file changes with StatReloader
"GET /api/ HTTP/1.1" 200 162
"GET /api/ HTTP/1.1" 200 162
C:\Users\shiva\assignment\weather\templates\index.html changed, reloading.
Watching for file changes with StatReloader
"GET /api/ HTTP/1.1" 200 162
C:\Users\shiva\assignment\weather\templates\index.html changed, reloading.
Watching for file changes with StatReloader
C:\Users\shiva\assignment\weather\templates\index.html changed, reloading.
Watching for file changes with StatReloader
"GET / HTTP/1.1" 200 1322
"GET /api/ HTTP/1.1" 200 162
C:\Users\shiva\assignment\weather\templates\index.html changed, reloading.
Watching for file changes with StatReloader
"GET / HTTP/1.1" 200 1322
"GET /api/ HTTP/1.1" 200 162
C:\Users\shiva\assignment\weather\templates\index.html changed, reloading.
Watching for file changes with StatReloader
"GET / HTTP/1.1" 200 1322
"GET /api/ HTTP/1.1" 200 162
"GET /api/ HTTP/1.1" 200 162
C:\Users\shiva\assignment\weather\templates\index.html changed, reloading.
Watching for file changes with StatReloader
"GET /api/ HTTP/1.1" 200 162
C:\Users\shiva\assignment\weather\templates\index.html changed, reloading.
Watching for file changes with StatReloader
C:\Users\shiva\assignment\weather\templates\index.html changed, reloading.
Watching for file changes with StatReloader
"GET / HTTP/1.1" 200 1322
"GET /api/ HTTP/1.1" 200 162
"GET /api/ HTTP/1.1" 200 162
C:\Users\shiva\assignment\weather\templates\index.html changed, reloading.
Watching for file changes with StatReloader
"GET /api/ HTTP/1.1" 200 162
C:\Users\shiva\assignment\weather\templates\index.html changed, reloading.
Watching for file changes with StatReloader
"GET /api/ HTTP/1.1" 200 162
C:\Users\shiva\assignment\weather\templates\index.html changed, reloading.
Watching for file changes with StatReloader
"GET /api/ HTTP/1.1" 200 162
C:\Users\shiva\assignment\weather\templates\index.html changed, reloading.
Watching for file changes with StatReloader
"GET /api/ HTTP/1.1" 200 162
C:\Users\shiva\assignment\weather\templates\index.html changed, reloading.
Watching for file changes with StatReloader
"GET /api/ HTTP/1.1" 200 162
C:\Users\shiva\assignment\weather\templates\index.html changed, reloading.
Watching for file changes with StatReloader
"GET /api/ HTTP/1.1" 200 162
C:\Users\shiva\assignment\weather\templates\index.html changed, reloading.
Watching for file changes with StatReloader
"GET /api/ HTTP/1.1" 200 162
C:\Users\shiva\assignment\weather\templates\index.html changed, reloading.
Watching for file changes with StatReloader
"GET /api/ HTTP/1.1" 200 162
C:\Users\shiva\assignment\weather\templates\index.html changed, reloading.
Watching for file changes with StatReloader
"GET /api/ HTTP/1.1" 200 162
C:\Users\shiva\assignment\weather\templates\index.html changed, reloading.
Watching for file changes with StatReloader
"GET /api/ HTTP/1.1" 200 162
C:\Users\shiva\assignment\weather\templates\index.html changed, reloading.
Watching for file changes with StatReloader
"GET /api/ HTTP/1.1" 200 162
C:\Users\shiva\assignment\weather\templates\index.html changed, reloading.
Watching for file changes with StatReloader
"GET /api/ HTTP/1.1" 200 162
C:\Users\shiva\assignment\weather\templates\index.html changed, reloading.
Watching for file changes with StatReloader
"GET /api/ HTTP/1.1" 200 162
C:\Users\shiva\assignment\weather\templates\index.html changed, reloading.
Watching for file changes with StatReloader
